#
# There is insufficient memory for the Java Runtime Environment to continue.
# Native memory allocation (malloc) failed to allocate 32744 bytes for ChunkPool::allocate
# Possible reasons:
#   The system is out of physical RAM or swap space
#   The process is running with CompressedOops enabled, and the Java Heap may be blocking the growth of the native heap
# Possible solutions:
#   Reduce memory load on the system
#   Increase physical memory or swap space
#   Check if swap backing store is full
#   Decrease Java heap size (-Xmx/-Xms)
#   Decrease number of Java threads
#   Decrease Java thread stack sizes (-Xss)
#   Set larger code cache with -XX:ReservedCodeCacheSize=
#   JVM is running with Unscaled Compressed Oops mode in which the Java heap is
#     placed in the first 4GB address space. The Java Heap base address is the
#     maximum limit for the native heap growth. Please use -XX:HeapBaseMinAddress
#     to set the Java Heap base and to place the Java Heap above 4GB virtual address.
# This output file may be truncated or incomplete.
#
#  Out of Memory Error (allocation.cpp:273), pid=15964, tid=0x0000000000004954
#
# JRE version: Java(TM) SE Runtime Environment (8.0_201-b09) (build 1.8.0_201-b09)
# Java VM: Java HotSpot(TM) 64-Bit Server VM (25.201-b09 mixed mode windows-amd64 compressed oops)
# Failed to write core dump. Minidumps are not enabled by default on client versions of Windows
#

---------------  T H R E A D  ---------------

Current thread (0x0000000015f78800):  JavaThread "C2 CompilerThread1" daemon [_thread_in_native, id=18772, stack(0x00000000176d0000,0x00000000177d0000)]

Stack: [0x00000000176d0000,0x00000000177d0000]
[error occurred during error reporting (printing stack bounds), id 0xc0000005]

Native frames: (J=compiled Java code, j=interpreted, Vv=VM code, C=native code)


Current CompileTask:
C2: 741810 15318       4       java.lang.Class::privateGetMethodRecursive (130 bytes)


---------------  P R O C E S S  ---------------

Java Threads: ( => current thread )
  0x000000001ce71800 JavaThread "Build operations Thread 4" [_thread_blocked, id=856, stack(0x0000000023230000,0x0000000023330000)]
  0x000000001ce65800 JavaThread "Build operations Thread 3" [_thread_blocked, id=10532, stack(0x0000000022420000,0x0000000022520000)]
  0x000000001ce6a800 JavaThread "Build operations Thread 2" [_thread_blocked, id=7444, stack(0x0000000021e00000,0x0000000021f00000)]
  0x000000001ce6a000 JavaThread "Build operations" [_thread_blocked, id=20192, stack(0x0000000021700000,0x0000000021800000)]
  0x000000001ce68800 JavaThread "Cache worker for cache directory md-rule (C:\Users\vgris\.gradle\caches\5.4.1\md-rule)" [_thread_blocked, id=12088, stack(0x0000000021600000,0x0000000021700000)]
  0x000000001ce66000 JavaThread "Cache worker for cache directory md-supplier (C:\Users\vgris\.gradle\caches\5.4.1\md-supplier)" [_thread_blocked, id=17852, stack(0x0000000021500000,0x0000000021600000)]
  0x000000001ce67800 JavaThread "Cache worker for file hash cache (C:\Users\vgris\Desktop\2019 projects\TicTac\.gradle\5.4.1\fileHashes)" [_thread_blocked, id=12328, stack(0x0000000021400000,0x0000000021500000)]
  0x000000001ce69000 JavaThread "Thread-82" [_thread_blocked, id=10464, stack(0x000000001e0a0000,0x000000001e1a0000)]
  0x000000001ce67000 JavaThread "Stdin handler" [_thread_blocked, id=17468, stack(0x000000001a830000,0x000000001a930000)]
  0x000000001ce6c000 JavaThread "Asynchronous log dispatcher for DefaultDaemonConnection: socket connection from /127.0.0.1:56550 to /127.0.0.1:56616" [_thread_blocked, id=3884, stack(0x000000001a530000,0x000000001a630000)]
  0x000000001ce6b800 JavaThread "Daemon worker Thread 3" [_thread_in_vm, id=8176, stack(0x000000001a030000,0x000000001a130000)]
  0x000000001ce64000 JavaThread "Cancel handler" [_thread_blocked, id=19948, stack(0x0000000000ab0000,0x0000000000bb0000)]
  0x000000001ce63000 JavaThread "Handler for socket connection from /127.0.0.1:56550 to /127.0.0.1:56616" [_thread_in_native, id=20168, stack(0x00000000009b0000,0x0000000000ab0000)]
  0x000000001ce64800 JavaThread "Daemon Thread 3" [_thread_blocked, id=13840, stack(0x00000000008b0000,0x00000000009b0000)]
  0x00000000203b6000 JavaThread "Cache worker for Java compile cache (C:\Users\vgris\.gradle\caches\5.4.1\javaCompile)" [_thread_blocked, id=18456, stack(0x0000000025020000,0x0000000025120000)]
  0x000000001ce6d800 JavaThread "Cache worker for file content cache (C:\Users\vgris\.gradle\caches\5.4.1\fileContent)" [_thread_blocked, id=12500, stack(0x0000000023430000,0x0000000023530000)]
  0x000000001ce62800 JavaThread "Memory manager" [_thread_blocked, id=19676, stack(0x0000000022100000,0x0000000022200000)]
  0x00000000181cd800 JavaThread "Cache worker for execution history cache (C:\Users\vgris\.gradle\caches\5.4.1\executionHistory)" [_thread_blocked, id=19532, stack(0x0000000020f00000,0x0000000021000000)]
  0x00000000181c9000 JavaThread "Cache worker for journal cache (C:\Users\vgris\.gradle\caches\journal-1)" [_thread_blocked, id=13104, stack(0x000000001ab30000,0x000000001ac30000)]
  0x00000000181c9800 JavaThread "File lock request listener" [_thread_in_native, id=796, stack(0x000000001aa30000,0x000000001ab30000)]
  0x00000000181ce000 JavaThread "Cache worker for file hash cache (C:\Users\vgris\.gradle\caches\5.4.1\fileHashes)" [_thread_blocked, id=6596, stack(0x000000001a930000,0x000000001aa30000)]
  0x00000000180bb800 JavaThread "Daemon periodic checks" [_thread_blocked, id=7988, stack(0x0000000019f30000,0x000000001a030000)]
  0x00000000180e3800 JavaThread "Incoming local TCP Connector on port 56550" [_thread_in_native, id=4204, stack(0x0000000019ce0000,0x0000000019de0000)]
  0x0000000018e15000 JavaThread "Daemon health stats" [_thread_blocked, id=19316, stack(0x00000000196a0000,0x00000000197a0000)]
  0x0000000017928800 JavaThread "Service Thread" daemon [_thread_blocked, id=19468, stack(0x0000000017cd0000,0x0000000017dd0000)]
  0x0000000015f7c000 JavaThread "C1 CompilerThread2" daemon [_thread_blocked, id=7200, stack(0x00000000177d0000,0x00000000178d0000)]
=>0x0000000015f78800 JavaThread "C2 CompilerThread1" daemon [_thread_in_native, id=18772, stack(0x00000000176d0000,0x00000000177d0000)]
  0x0000000015f6c000 JavaThread "C2 CompilerThread0" daemon [_thread_in_native, id=19168, stack(0x00000000175d0000,0x00000000176d0000)]
  0x0000000015f69800 JavaThread "Attach Listener" daemon [_thread_blocked, id=5312, stack(0x00000000174d0000,0x00000000175d0000)]
  0x0000000015f66000 JavaThread "Signal Dispatcher" daemon [_thread_blocked, id=20372, stack(0x00000000173d0000,0x00000000174d0000)]
  0x00000000025ed000 JavaThread "Finalizer" daemon [_thread_blocked, id=20272, stack(0x00000000171c0000,0x00000000172c0000)]
  0x00000000025e2000 JavaThread "Reference Handler" daemon [_thread_blocked, id=7132, stack(0x00000000170c0000,0x00000000171c0000)]
  0x00000000024f2800 JavaThread "main" [_thread_blocked, id=20472, stack(0x0000000002360000,0x0000000002460000)]

Other Threads:
  0x0000000015f27800 VMThread [stack: 0x0000000016fc0000,0x00000000170c0000] [id=8980]
  0x000000001792d000 WatcherThread [stack: 0x0000000017dd0000,0x0000000017ed0000] [id=6288]

VM state:not at safepoint (normal execution)

VM Mutex/Monitor currently owned by a thread:  ([mutex/lock_event])
[0x000000000073e400] Threads_lock - owner thread: 0x000000001ce6b800

heap address: 0x00000000a0000000, size: 1536 MB, Compressed Oops mode: 32-bit
Narrow klass base: 0x0000000000000000, Narrow klass shift: 3
Compressed class space size: 1073741824 Address: 0x0000000100000000

Heap:
 PSYoungGen      total 284672K, used 195639K [0x00000000e0000000, 0x00000000f4c00000, 0x0000000100000000)
  eden space 242688K, 76% used [0x00000000e0000000,0x00000000eb56ea68,0x00000000eed00000)
  from space 41984K, 23% used [0x00000000f2300000,0x00000000f2c9f3f0,0x00000000f4c00000)
  to   space 48640K, 0% used [0x00000000eed00000,0x00000000eed00000,0x00000000f1c80000)
 ParOldGen       total 135680K, used 106893K [0x00000000a0000000, 0x00000000a8480000, 0x00000000e0000000)
  object space 135680K, 78% used [0x00000000a0000000,0x00000000a6863538,0x00000000a8480000)
 Metaspace       used 89861K, capacity 93472K, committed 93824K, reserved 1130496K
  class space    used 12124K, capacity 12817K, committed 12928K, reserved 1048576K

Card table byte_map: [0x00000000119b0000,0x0000000011cc0000] byte_map_base: 0x00000000114b0000

Marking Bits: (ParMarkBitMap*) 0x00000000564b4ce0
 Begin Bits: [0x00000000122c0000, 0x0000000013ac0000)
 End Bits:   [0x0000000013ac0000, 0x00000000152c0000)

Polling page: 0x0000000000740000

CodeCache: size=245760Kb used=40765Kb max_used=41207Kb free=204994Kb
 bounds [0x00000000025f0000, 0x0000000004e60000, 0x00000000115f0000]
 total_blobs=13614 nmethods=12708 adapters=817
 compilation: enabled

Compilation events (10 events):
Event: 741.757 Thread 0x0000000015f7c000 15372       3       org.gradle.internal.classpath.DefaultCachedClasspathTransformer$FileAccessTrackingJarFileTransformer::transform (26 bytes)
Event: 741.757 Thread 0x0000000015f7c000 nmethod 15372 0x0000000002a1ecd0 code [0x0000000002a1eea0, 0x0000000002a1f4f8]
Event: 741.759 Thread 0x0000000015f7c000 15373       3       org.gradle.internal.classpath.DefaultCachedClasspathTransformer$CachedJarFileTransformer::shouldUseFromCache (60 bytes)
Event: 741.760 Thread 0x0000000015f7c000 nmethod 15373 0x000000000379f510 code [0x000000000379f700, 0x000000000379ff78]
Event: 741.772 Thread 0x0000000015f7c000 15374       3       org.codehaus.groovy.reflection.ClassInfo::isValidWeakMetaClass (30 bytes)
Event: 741.773 Thread 0x0000000015f7c000 nmethod 15374 0x00000000038ee610 code [0x00000000038ee780, 0x00000000038eeb70]
Event: 741.774 Thread 0x0000000015f7c000 15375       1       org.gradle.internal.dispatch.ProxyDispatchAdapter::getSource (5 bytes)
Event: 741.774 Thread 0x0000000015f7c000 nmethod 15375 0x0000000003e2aed0 code [0x0000000003e2b020, 0x0000000003e2b130]
Event: 741.786 Thread 0x0000000015f7c000 15376       1       java.lang.ThreadGroup::getMaxPriority (5 bytes)
Event: 741.786 Thread 0x0000000015f7c000 nmethod 15376 0x0000000003d06ad0 code [0x0000000003d06c20, 0x0000000003d06d30]

GC Heap History (10 events):
Event: 564.619 GC heap before
{Heap before GC invocations=17 (full 3):
 PSYoungGen      total 189952K, used 187380K [0x00000000e0000000, 0x00000000eed00000, 0x0000000100000000)
  eden space 172032K, 100% used [0x00000000e0000000,0x00000000ea800000,0x00000000ea800000)
  from space 17920K, 85% used [0x00000000ea800000,0x00000000eb6fd260,0x00000000eb980000)
  to   space 19456K, 0% used [0x00000000eda00000,0x00000000eda00000,0x00000000eed00000)
 ParOldGen       total 135680K, used 32147K [0x00000000a0000000, 0x00000000a8480000, 0x00000000e0000000)
  object space 135680K, 23% used [0x00000000a0000000,0x00000000a1f64e58,0x00000000a8480000)
 Metaspace       used 73659K, capacity 75868K, committed 76032K, reserved 1114112K
  class space    used 9888K, capacity 10399K, committed 10496K, reserved 1048576K
Event: 564.646 GC heap after
Heap after GC invocations=17 (full 3):
 PSYoungGen      total 219136K, used 19429K [0x00000000e0000000, 0x00000000ef100000, 0x0000000100000000)
  eden space 199680K, 0% used [0x00000000e0000000,0x00000000e0000000,0x00000000ec300000)
  from space 19456K, 99% used [0x00000000eda00000,0x00000000eecf9430,0x00000000eed00000)
  to   space 23552K, 0% used [0x00000000ec300000,0x00000000ec300000,0x00000000eda00000)
 ParOldGen       total 135680K, used 35447K [0x00000000a0000000, 0x00000000a8480000, 0x00000000e0000000)
  object space 135680K, 26% used [0x00000000a0000000,0x00000000a229dd58,0x00000000a8480000)
 Metaspace       used 73659K, capacity 75868K, committed 76032K, reserved 1114112K
  class space    used 9888K, capacity 10399K, committed 10496K, reserved 1048576K
}
Event: 571.192 GC heap before
{Heap before GC invocations=18 (full 3):
 PSYoungGen      total 219136K, used 219109K [0x00000000e0000000, 0x00000000ef100000, 0x0000000100000000)
  eden space 199680K, 100% used [0x00000000e0000000,0x00000000ec300000,0x00000000ec300000)
  from space 19456K, 99% used [0x00000000eda00000,0x00000000eecf9430,0x00000000eed00000)
  to   space 23552K, 0% used [0x00000000ec300000,0x00000000ec300000,0x00000000eda00000)
 ParOldGen       total 135680K, used 35447K [0x00000000a0000000, 0x00000000a8480000, 0x00000000e0000000)
  object space 135680K, 26% used [0x00000000a0000000,0x00000000a229dd58,0x00000000a8480000)
 Metaspace       used 76713K, capacity 78926K, committed 79104K, reserved 1118208K
  class space    used 10173K, capacity 10650K, committed 10752K, reserved 1048576K
Event: 571.244 GC heap after
Heap after GC invocations=18 (full 3):
 PSYoungGen      total 223232K, used 23520K [0x00000000e0000000, 0x00000000f2680000, 0x0000000100000000)
  eden space 199680K, 0% used [0x00000000e0000000,0x00000000e0000000,0x00000000ec300000)
  from space 23552K, 99% used [0x00000000ec300000,0x00000000ed9f8300,0x00000000eda00000)
  to   space 34816K, 0% used [0x00000000f0480000,0x00000000f0480000,0x00000000f2680000)
 ParOldGen       total 135680K, used 56959K [0x00000000a0000000, 0x00000000a8480000, 0x00000000e0000000)
  object space 135680K, 41% used [0x00000000a0000000,0x00000000a379fe40,0x00000000a8480000)
 Metaspace       used 76713K, capacity 78926K, committed 79104K, reserved 1118208K
  class space    used 10173K, capacity 10650K, committed 10752K, reserved 1048576K
}
Event: 575.394 GC heap before
{Heap before GC invocations=19 (full 3):
 PSYoungGen      total 223232K, used 223200K [0x00000000e0000000, 0x00000000f2680000, 0x0000000100000000)
  eden space 199680K, 100% used [0x00000000e0000000,0x00000000ec300000,0x00000000ec300000)
  from space 23552K, 99% used [0x00000000ec300000,0x00000000ed9f8300,0x00000000eda00000)
  to   space 34816K, 0% used [0x00000000f0480000,0x00000000f0480000,0x00000000f2680000)
 ParOldGen       total 135680K, used 56959K [0x00000000a0000000, 0x00000000a8480000, 0x00000000e0000000)
  object space 135680K, 41% used [0x00000000a0000000,0x00000000a379fe40,0x00000000a8480000)
 Metaspace       used 84573K, capacity 87578K, committed 87680K, reserved 1124352K
  class space    used 11444K, capacity 12082K, committed 12160K, reserved 1048576K
Event: 575.520 GC heap after
Heap after GC invocations=19 (full 3):
 PSYoungGen      total 248832K, used 34806K [0x00000000e0000000, 0x00000000f5700000, 0x0000000100000000)
  eden space 214016K, 0% used [0x00000000e0000000,0x00000000e0000000,0x00000000ed100000)
  from space 34816K, 99% used [0x00000000f0480000,0x00000000f267d9b8,0x00000000f2680000)
  to   space 52736K, 0% used [0x00000000ed100000,0x00000000ed100000,0x00000000f0480000)
 ParOldGen       total 135680K, used 89380K [0x00000000a0000000, 0x00000000a8480000, 0x00000000e0000000)
  object space 135680K, 65% used [0x00000000a0000000,0x00000000a57490f0,0x00000000a8480000)
 Metaspace       used 84573K, capacity 87578K, committed 87680K, reserved 1124352K
  class space    used 11444K, capacity 12082K, committed 12160K, reserved 1048576K
}
Event: 578.184 GC heap before
{Heap before GC invocations=20 (full 3):
 PSYoungGen      total 248832K, used 248442K [0x00000000e0000000, 0x00000000f5700000, 0x0000000100000000)
  eden space 214016K, 99% used [0x00000000e0000000,0x00000000ed0a11e0,0x00000000ed100000)
  from space 34816K, 99% used [0x00000000f0480000,0x00000000f267d9b8,0x00000000f2680000)
  to   space 52736K, 0% used [0x00000000ed100000,0x00000000ed100000,0x00000000f0480000)
 ParOldGen       total 135680K, used 90404K [0x00000000a0000000, 0x00000000a8480000, 0x00000000e0000000)
  object space 135680K, 66% used [0x00000000a0000000,0x00000000a5849100,0x00000000a8480000)
 Metaspace       used 86445K, capacity 89584K, committed 89600K, reserved 1126400K
  class space    used 11652K, capacity 12287K, committed 12288K, reserved 1048576K
Event: 578.225 GC heap after
Heap after GC invocations=20 (full 3):
 PSYoungGen      total 266752K, used 14571K [0x00000000e0000000, 0x00000000f5400000, 0x0000000100000000)
  eden space 214016K, 0% used [0x00000000e0000000,0x00000000e0000000,0x00000000ed100000)
  from space 52736K, 27% used [0x00000000ed100000,0x00000000edf3aeb0,0x00000000f0480000)
  to   space 50176K, 0% used [0x00000000f2300000,0x00000000f2300000,0x00000000f5400000)
 ParOldGen       total 135680K, used 106881K [0x00000000a0000000, 0x00000000a8480000, 0x00000000e0000000)
  object space 135680K, 78% used [0x00000000a0000000,0x00000000a68606c8,0x00000000a8480000)
 Metaspace       used 86445K, capacity 89584K, committed 89600K, reserved 1126400K
  class space    used 11652K, capacity 12287K, committed 12288K, reserved 1048576K
}
Event: 598.838 GC heap before
{Heap before GC invocations=21 (full 3):
 PSYoungGen      total 266752K, used 228587K [0x00000000e0000000, 0x00000000f5400000, 0x0000000100000000)
  eden space 214016K, 100% used [0x00000000e0000000,0x00000000ed100000,0x00000000ed100000)
  from space 52736K, 27% used [0x00000000ed100000,0x00000000edf3aeb0,0x00000000f0480000)
  to   space 50176K, 0% used [0x00000000f2300000,0x00000000f2300000,0x00000000f5400000)
 ParOldGen       total 135680K, used 106885K [0x00000000a0000000, 0x00000000a8480000, 0x00000000e0000000)
  object space 135680K, 78% used [0x00000000a0000000,0x00000000a6861538,0x00000000a8480000)
 Metaspace       used 87855K, capacity 91310K, committed 91392K, reserved 1128448K
  class space    used 11789K, capacity 12484K, committed 12544K, reserved 1048576K
Event: 598.874 GC heap after
Heap after GC invocations=21 (full 3):
 PSYoungGen      total 284672K, used 9852K [0x00000000e0000000, 0x00000000f4c00000, 0x0000000100000000)
  eden space 242688K, 0% used [0x00000000e0000000,0x00000000e0000000,0x00000000eed00000)
  from space 41984K, 23% used [0x00000000f2300000,0x00000000f2c9f3f0,0x00000000f4c00000)
  to   space 48640K, 0% used [0x00000000eed00000,0x00000000eed00000,0x00000000f1c80000)
 ParOldGen       total 135680K, used 106893K [0x00000000a0000000, 0x00000000a8480000, 0x00000000e0000000)
  object space 135680K, 78% used [0x00000000a0000000,0x00000000a6863538,0x00000000a8480000)
 Metaspace       used 87855K, capacity 91310K, committed 91392K, reserved 1128448K
  class space    used 11789K, capacity 12484K, committed 12544K, reserved 1048576K
}

Deoptimization events (10 events):
Event: 601.024 Thread 0x000000001ce69000 Uncommon trap: reason=array_check action=maybe_recompile pc=0x0000000004e11fdc method=java.util.ComparableTimSort.reverseRange([Ljava/lang/Object;II)V @ 20
Event: 601.025 Thread 0x000000001ce69000 Uncommon trap: reason=array_check action=maybe_recompile pc=0x000000000355b9b8 method=java.util.ComparableTimSort.binarySort([Ljava/lang/Object;III)V @ 183
Event: 601.031 Thread 0x000000001ce69000 Uncommon trap: reason=array_check action=maybe_recompile pc=0x0000000004e11fdc method=java.util.ComparableTimSort.reverseRange([Ljava/lang/Object;II)V @ 20
Event: 601.047 Thread 0x000000001ce69000 Uncommon trap: reason=bimorphic action=maybe_recompile pc=0x00000000041038c0 method=java.util.HashMap.removeNode(ILjava/lang/Object;Ljava/lang/Object;ZZ)Ljava/util/HashMap$Node; @ 143
Event: 601.062 Thread 0x000000001ce69000 Uncommon trap: reason=bimorphic action=maybe_recompile pc=0x00000000041038c0 method=java.util.HashMap.removeNode(ILjava/lang/Object;Ljava/lang/Object;ZZ)Ljava/util/HashMap$Node; @ 143
Event: 601.079 Thread 0x000000001ce69000 Uncommon trap: reason=bimorphic action=maybe_recompile pc=0x00000000041038c0 method=java.util.HashMap.removeNode(ILjava/lang/Object;Ljava/lang/Object;ZZ)Ljava/util/HashMap$Node; @ 143
Event: 601.112 Thread 0x000000001ce69000 Uncommon trap: reason=bimorphic action=maybe_recompile pc=0x0000000003b6b938 method=java.util.HashMap.removeNode(ILjava/lang/Object;Ljava/lang/Object;ZZ)Ljava/util/HashMap$Node; @ 143
Event: 741.549 Thread 0x000000001ce63000 Uncommon trap: reason=class_check action=maybe_recompile pc=0x0000000003fdc820 method=java.lang.reflect.Array.newInstance(Ljava/lang/Class;I)Ljava/lang/Object; @ 2
Event: 741.777 Thread 0x000000001ce6b800 Uncommon trap: reason=array_check action=maybe_recompile pc=0x0000000003535c70 method=com.google.common.collect.RegularImmutableMap.fromEntryArray(I[Ljava/util/Map$Entry;)Lcom/google/common/collect/ImmutableMap; @ 157
Event: 741.777 Thread 0x000000001ce6b800 Uncommon trap: reason=array_check action=maybe_recompile pc=0x0000000003535c70 method=com.google.common.collect.RegularImmutableMap.fromEntryArray(I[Ljava/util/Map$Entry;)Lcom/google/common/collect/ImmutableMap; @ 157

Classes redefined (0 events):
No events

Internal exceptions (10 events):
Event: 595.106 Thread 0x000000001ce69000 Exception <a 'java/lang/NoSuchMethodError': <clinit>> (0x00000000e5f14c08) thrown at [C:\re\workspace\8-2-build-windows-amd64-cygwin\jdk8u201\12322\hotspot\src\share\vm\prims\jni.cpp, line 1613]
Event: 595.106 Thread 0x000000001ce69000 Exception <a 'java/lang/NoSuchMethodError': <clinit>> (0x00000000e5f16208) thrown at [C:\re\workspace\8-2-build-windows-amd64-cygwin\jdk8u201\12322\hotspot\src\share\vm\prims\jni.cpp, line 1613]
Event: 595.126 Thread 0x000000001ce69000 Implicit null exception at 0x0000000002a508bb to 0x0000000002a510e1
Event: 595.515 Thread 0x000000001ce69000 Implicit null exception at 0x00000000047972d3 to 0x0000000004797d99
Event: 600.996 Thread 0x000000001ce69000 Exception <a 'sun/nio/fs/WindowsException'> (0x00000000ea2ab640) thrown at [C:\re\workspace\8-2-build-windows-amd64-cygwin\jdk8u201\12322\hotspot\src\share\vm\prims\jni.cpp, line 709]
Event: 601.148 Thread 0x000000001ce67800 Exception <a 'java/lang/NoSuchMethodError': <clinit>> (0x00000000ea695c90) thrown at [C:\re\workspace\8-2-build-windows-amd64-cygwin\jdk8u201\12322\hotspot\src\share\vm\prims\jni.cpp, line 1613]
Event: 601.148 Thread 0x000000001ce67800 Exception <a 'java/lang/NoSuchMethodError': <clinit>> (0x00000000ea6a1240) thrown at [C:\re\workspace\8-2-build-windows-amd64-cygwin\jdk8u201\12322\hotspot\src\share\vm\prims\jni.cpp, line 1613]
Event: 601.149 Thread 0x000000001ce67800 Exception <a 'java/lang/NoSuchMethodError': <clinit>> (0x00000000ea6ab2a0) thrown at [C:\re\workspace\8-2-build-windows-amd64-cygwin\jdk8u201\12322\hotspot\src\share\vm\prims\jni.cpp, line 1613]
Event: 601.156 Thread 0x000000001ce67800 Exception <a 'java/lang/NoSuchMethodError': <clinit>> (0x00000000ea8370e8) thrown at [C:\re\workspace\8-2-build-windows-amd64-cygwin\jdk8u201\12322\hotspot\src\share\vm\prims\jni.cpp, line 1613]
Event: 601.157 Thread 0x000000001ce67800 Exception <a 'java/lang/NoSuchMethodError': <clinit>> (0x00000000ea847bd8) thrown at [C:\re\workspace\8-2-build-windows-amd64-cygwin\jdk8u201\12322\hotspot\src\share\vm\prims\jni.cpp, line 1613]

Events (10 events):
Event: 741.728 Thread 0x000000001ce65800 Thread added: 0x000000001ce65800
Event: 741.728 Thread 0x000000001ce71800 Thread added: 0x000000001ce71800
Event: 741.742 Executing VM operation: RevokeBias
Event: 741.744 Executing VM operation: RevokeBias done
Event: 741.777 Thread 0x000000001ce6b800 Uncommon trap: trap_request=0xffffffd6 fr.pc=0x0000000003535c70
Event: 741.777 Thread 0x000000001ce6b800 DEOPT PACKING pc=0x0000000003535c70 sp=0x000000001a12a6e0
Event: 741.777 Thread 0x000000001ce6b800 DEOPT UNPACKING pc=0x000000000263583b sp=0x000000001a12a678 mode 2
Event: 741.777 Thread 0x000000001ce6b800 Uncommon trap: trap_request=0xffffffd6 fr.pc=0x0000000003535c70
Event: 741.777 Thread 0x000000001ce6b800 DEOPT PACKING pc=0x0000000003535c70 sp=0x000000001a12a6e0
Event: 741.777 Thread 0x000000001ce6b800 DEOPT UNPACKING pc=0x000000000263583b sp=0x000000001a12a678 mode 2


Dynamic libraries:
0x00007ff75dec0000 - 0x00007ff75def7000 	C:\Program Files\Java\jdk1.8.0_201\bin\java.exe
0x00007ffacee00000 - 0x00007ffaceff0000 	C:\WINDOWS\SYSTEM32\ntdll.dll
0x00007fface0b0000 - 0x00007fface162000 	C:\WINDOWS\System32\KERNEL32.DLL
0x00007ffacc510000 - 0x00007ffacc7b3000 	C:\WINDOWS\System32\KERNELBASE.dll
0x00007fface8f0000 - 0x00007fface993000 	C:\WINDOWS\System32\ADVAPI32.dll
0x00007ffacd350000 - 0x00007ffacd3ee000 	C:\WINDOWS\System32\msvcrt.dll
0x00007ffaceae0000 - 0x00007ffaceb77000 	C:\WINDOWS\System32\sechost.dll
0x00007fface7d0000 - 0x00007fface8f0000 	C:\WINDOWS\System32\RPCRT4.dll
0x00007fface470000 - 0x00007fface604000 	C:\WINDOWS\System32\USER32.dll
0x00007ffacc9e0000 - 0x00007ffacca01000 	C:\WINDOWS\System32\win32u.dll
0x00007ffacd980000 - 0x00007ffacd9a6000 	C:\WINDOWS\System32\GDI32.dll
0x00007ffacca10000 - 0x00007ffaccba4000 	C:\WINDOWS\System32\gdi32full.dll
0x00007ffacc940000 - 0x00007ffacc9de000 	C:\WINDOWS\System32\msvcp_win.dll
0x00007ffaccdb0000 - 0x00007ffacceaa000 	C:\WINDOWS\System32\ucrtbase.dll
0x00007ffabedc0000 - 0x00007ffabf045000 	C:\WINDOWS\WinSxS\amd64_microsoft.windows.common-controls_6595b64144ccf1df_6.0.18362.535_none_e6c3b34713100821\COMCTL32.dll
0x00007ffacd010000 - 0x00007ffacd346000 	C:\WINDOWS\System32\combase.dll
0x00007ffacc850000 - 0x00007ffacc8d0000 	C:\WINDOWS\System32\bcryptPrimitives.dll
0x00007ffacd950000 - 0x00007ffacd97e000 	C:\WINDOWS\System32\IMM32.DLL
0x0000000056540000 - 0x0000000056611000 	C:\Program Files\Java\jdk1.8.0_201\jre\bin\msvcr100.dll
0x0000000055c90000 - 0x0000000056534000 	C:\Program Files\Java\jdk1.8.0_201\jre\bin\server\jvm.dll
0x00007ffacec30000 - 0x00007ffacec38000 	C:\WINDOWS\System32\PSAPI.DLL
0x00007ffac1870000 - 0x00007ffac187a000 	C:\WINDOWS\SYSTEM32\VERSION.dll
0x00007ffac97d0000 - 0x00007ffac97f4000 	C:\WINDOWS\SYSTEM32\WINMM.dll
0x00007ffab6250000 - 0x00007ffab6259000 	C:\WINDOWS\SYSTEM32\WSOCK32.dll
0x00007fface3a0000 - 0x00007fface40f000 	C:\WINDOWS\System32\WS2_32.dll
0x00007ffac97a0000 - 0x00007ffac97cd000 	C:\WINDOWS\SYSTEM32\WINMMBASE.dll
0x00007ffacc8d0000 - 0x00007ffacc91a000 	C:\WINDOWS\System32\cfgmgr32.dll
0x00007ffac6c70000 - 0x00007ffac6c7f000 	C:\Program Files\Java\jdk1.8.0_201\jre\bin\verify.dll
0x00007ffa98df0000 - 0x00007ffa98e19000 	C:\Program Files\Java\jdk1.8.0_201\jre\bin\java.dll
0x00007ffabe380000 - 0x00007ffabe396000 	C:\Program Files\Java\jdk1.8.0_201\jre\bin\zip.dll
0x00007ffacd9c0000 - 0x00007fface0a5000 	C:\WINDOWS\System32\SHELL32.dll
0x00007ffaceb80000 - 0x00007ffacec29000 	C:\WINDOWS\System32\shcore.dll
0x00007ffacbd90000 - 0x00007ffacc50f000 	C:\WINDOWS\System32\windows.storage.dll
0x00007ffacbd70000 - 0x00007ffacbd8f000 	C:\WINDOWS\System32\profapi.dll
0x00007ffacbce0000 - 0x00007ffacbd2a000 	C:\WINDOWS\System32\powrprof.dll
0x00007ffacbcd0000 - 0x00007ffacbce0000 	C:\WINDOWS\System32\UMPDC.dll
0x00007fface410000 - 0x00007fface462000 	C:\WINDOWS\System32\shlwapi.dll
0x00007ffacbd50000 - 0x00007ffacbd61000 	C:\WINDOWS\System32\kernel.appcore.dll
0x00007ffacc920000 - 0x00007ffacc937000 	C:\WINDOWS\System32\cryptsp.dll
0x00007ffa9c380000 - 0x00007ffa9c39a000 	C:\Program Files\Java\jdk1.8.0_201\jre\bin\net.dll
0x00007ffac0550000 - 0x00007ffac0726000 	C:\WINDOWS\SYSTEM32\urlmon.dll
0x00007ffac0280000 - 0x00007ffac0526000 	C:\WINDOWS\SYSTEM32\iertutil.dll
0x00007ffacb710000 - 0x00007ffacb71c000 	C:\WINDOWS\SYSTEM32\CRYPTBASE.DLL
0x00007ffacb540000 - 0x00007ffacb5a7000 	C:\WINDOWS\system32\mswsock.dll
0x00007ffa9a4f0000 - 0x00007ffa9a501000 	C:\Program Files\Java\jdk1.8.0_201\jre\bin\nio.dll
0x00007ffa99070000 - 0x00007ffa99096000 	C:\Users\vgris\.gradle\native\29\windows-amd64\native-platform.dll
0x00007ffac9cf0000 - 0x00007ffac9cfd000 	C:\Program Files\Java\jdk1.8.0_201\jre\bin\management.dll
0x00007ffacb0b0000 - 0x00007ffacb0e3000 	C:\WINDOWS\system32\rsaenh.dll
0x00007ffacc7c0000 - 0x00007ffacc7e6000 	C:\WINDOWS\System32\bcrypt.dll
0x00007ffacbbc0000 - 0x00007ffacbbe5000 	C:\WINDOWS\SYSTEM32\USERENV.dll
0x00007ffacb250000 - 0x00007ffacb28a000 	C:\WINDOWS\SYSTEM32\IPHLPAPI.DLL
0x00007ffacceb0000 - 0x00007ffacceb8000 	C:\WINDOWS\System32\NSI.dll
0x00007ffac27c0000 - 0x00007ffac27d6000 	C:\WINDOWS\SYSTEM32\dhcpcsvc6.DLL
0x00007ffac27e0000 - 0x00007ffac27fc000 	C:\WINDOWS\SYSTEM32\dhcpcsvc.DLL
0x00007ffacb290000 - 0x00007ffacb35a000 	C:\WINDOWS\SYSTEM32\DNSAPI.dll
0x00007ffa9cdb0000 - 0x00007ffa9cdd4000 	C:\Program Files\Java\jdk1.8.0_201\jre\bin\sunec.dll
0x00007ffac0a50000 - 0x00007ffac0a5a000 	C:\Windows\System32\rasadhlp.dll
0x00007ffac1980000 - 0x00007ffac19f7000 	C:\WINDOWS\System32\fwpuclnt.dll
0x00007ffac8680000 - 0x00007ffac868b000 	C:\Program Files\Java\jdk1.8.0_201\jre\bin\sunmscapi.dll
0x00007ffaccbb0000 - 0x00007ffacccf9000 	C:\WINDOWS\System32\CRYPT32.dll
0x00007ffacbd30000 - 0x00007ffacbd42000 	C:\WINDOWS\System32\MSASN1.dll

VM Arguments:
jvm_args: -Xmx1536m -Dfile.encoding=windows-1251 -Duser.country=RU -Duser.language=ru -Duser.variant 
java_command: org.gradle.launcher.daemon.bootstrap.GradleDaemon 5.4.1
java_class_path (initial): C:\Users\vgris\.gradle\wrapper\dists\gradle-5.4.1-all\3221gyojl5jsh0helicew7rwx\gradle-5.4.1\lib\gradle-launcher-5.4.1.jar
Launcher Type: SUN_STANDARD

Environment Variables:
CLASSPATH=.;E:\Programs\IBM\java\db2java.zip;E:\Programs\IBM\java\db2jcc.jar;E:\Programs\IBM\java\sqlj.zip;E:\Programs\IBM\java\db2jcc_license_cu.jar;E:\Programs\IBM\bin;E:\Programs\IBM\java\common.jar
PATH=C:\Program Files (x86)\Embarcadero\Studio\20.0\bin;C:\Users\Public\Documents\Embarcadero\Studio\20.0\Bpl;C:\Program Files (x86)\Embarcadero\Studio\20.0\bin64;C:\Users\Public\Documents\Embarcadero\Studio\20.0\Bpl\Win64;C:\Program Files (x86)\Common Files\Oracle\Java\javapath;C:\WINDOWS\system32;C:\WINDOWS;C:\WINDOWS\System32\Wbem;C:\WINDOWS\System32\WindowsPowerShell\v1.0\;C:\WINDOWS\System32\OpenSSH\;C:\Program Files (x86)\ATI Technologies\ATI.ACE\Core-Static;C:\Program Files\dotnet\;C:\Program Files\Git\cmd;C:\Program Files\Java\jdk1.8.0_201\bin;C:\Program Files (x86)\AMD\ATI.ACE\Core-Static;D:\Games\Putty\;C:\Program Files\Intel\WiFi\bin\;C:\Program Files\Common Files\Intel\WirelessCommon\;C:\Program Files (x86)\Microsoft SQL Server\150\DTS\Binn\;C:\Program Files (x86)\GtkSharp\2.12\bin;C:\Program Files\ibm\gsk8\lib64;C:\Program Files (x86)\ibm\gsk8\lib;E:\Programs\IBM\BIN;E:\Programs\IBM\FUNCTION;E:\Programs\IBM\SAMPLES\REPL;C:\Users\vgris\AppData\Local\Programs\Python\Python37-32\Scripts\;C:\Users\vgris\AppData\Local\Programs\Python\Python37-32\;C:\Users\vgris\AppData\Local\Microsoft\WindowsApps;C:\Users\vgris\AppData\Local\atom\bin;C:\Users\vgris\AppData\Local\GitHubDesktop\bin;C:\Users\vgris\.dotnet\tools;D:\Games\IntelliJ IDEA\IntelliJ IDEA Community Edition 2018.3.4\bin;;C:\Program Files\Intel\WiFi\bin\;C:\Program Files\Common Files\Intel\WirelessCommon\;C:\Users\vgris\AppData\Local\Microsoft\WindowsApps;
USERNAME=vgris
OS=Windows_NT
PROCESSOR_IDENTIFIER=Intel64 Family 6 Model 60 Stepping 3, GenuineIntel



---------------  S Y S T E M  ---------------

OS: Windows 10.0 , 64 bit Build 18362 (10.0.18362.329)

CPU:total 4 (initial active 4) (2 cores per cpu, 2 threads per core) family 6 model 60 stepping 3, cmov, cx8, fxsr, mmx, sse, sse2, sse3, ssse3, sse4.1, sse4.2, popcnt, avx, avx2, aes, clmul, erms, lzcnt, ht, tsc, tscinvbit, bmi1, bmi2

Memory: 4k page, physical 8291792k(987852k free), swap 8291792k(5184k free)

vm_info: Java HotSpot(TM) 64-Bit Server VM (25.201-b09) for windows-amd64 JRE (1.8.0_201-b09), built on Dec 15 2018 18:36:39 by "java_re" with MS VC++ 10.0 (VS2010)

time: Sat Jan 11 22:41:33 2020
timezone: Финляндия (зима)
elapsed time: 741 seconds (0d 0h 12m 21s)

