#
# There is insufficient memory for the Java Runtime Environment to continue.
# Native memory allocation (malloc) failed to allocate 65552 bytes for Chunk::new
# Possible reasons:
#   The system is out of physical RAM or swap space
#   The process is running with CompressedOops enabled, and the Java Heap may be blocking the growth of the native heap
# Possible solutions:
#   Reduce memory load on the system
#   Increase physical memory or swap space
#   Check if swap backing store is full
#   Decrease Java heap size (-Xmx/-Xms)
#   Decrease number of Java threads
#   Decrease Java thread stack sizes (-Xss)
#   Set larger code cache with -XX:ReservedCodeCacheSize=
#   JVM is running with Unscaled Compressed Oops mode in which the Java heap is
#     placed in the first 4GB address space. The Java Heap base address is the
#     maximum limit for the native heap growth. Please use -XX:HeapBaseMinAddress
#     to set the Java Heap base and to place the Java Heap above 4GB virtual address.
# This output file may be truncated or incomplete.
#
#  Out of Memory Error (allocation.cpp:390), pid=1080, tid=0x000000000000369c
#
# JRE version: Java(TM) SE Runtime Environment (8.0_201-b09) (build 1.8.0_201-b09)
# Java VM: Java HotSpot(TM) 64-Bit Server VM (25.201-b09 mixed mode windows-amd64 compressed oops)
# Failed to write core dump. Minidumps are not enabled by default on client versions of Windows
#

---------------  T H R E A D  ---------------

Current thread (0x00000000168a0800):  JavaThread "C2 CompilerThread1" daemon [_thread_in_native, id=13980, stack(0x0000000017ff0000,0x00000000180f0000)]

Stack: [0x0000000017ff0000,0x00000000180f0000]
[error occurred during error reporting (printing stack bounds), id 0xc0000005]

Native frames: (J=compiled Java code, j=interpreted, Vv=VM code, C=native code)


Current CompileTask:
C2:1065023 18939       4       com.android.tools.r8.ir.optimize.g::a (394 bytes)


---------------  P R O C E S S  ---------------

Java Threads: ( => current thread )
  0x0000000018e9b000 JavaThread "Cache worker for Java compile cache (C:\Users\vgris\Desktop\2019 projects\TicTac\.gradle\5.4.1\javaCompile)" [_thread_blocked, id=1676, stack(0x0000000028d00000,0x0000000028e00000)]
  0x0000000018ea1800 JavaThread "Cache worker for Java compile cache (C:\Users\vgris\.gradle\caches\5.4.1\javaCompile)" [_thread_blocked, id=11236, stack(0x0000000028c00000,0x0000000028d00000)]
  0x0000000018ea7800 JavaThread "stdout" [_thread_in_native, id=10468, stack(0x0000000028b00000,0x0000000028c00000)]
  0x0000000018ea7000 JavaThread "stderr" [_thread_in_native, id=13272, stack(0x0000000028a00000,0x0000000028b00000)]
  0x0000000018ea9000 JavaThread "stdout" [_thread_in_native, id=4260, stack(0x0000000028900000,0x0000000028a00000)]
  0x0000000018ea5800 JavaThread "stderr" [_thread_in_native, id=10884, stack(0x0000000028800000,0x0000000028900000)]
  0x0000000018ea4000 JavaThread "stdout" [_thread_in_native, id=12316, stack(0x0000000028700000,0x0000000028800000)]
  0x0000000018ea4800 JavaThread "stderr" [_thread_in_native, id=9408, stack(0x0000000028600000,0x0000000028700000)]
  0x0000000018ea6000 JavaThread "stdout" [_thread_in_native, id=15204, stack(0x0000000027470000,0x0000000027570000)]
  0x0000000018ea3000 JavaThread "stderr" [_thread_in_native, id=2528, stack(0x00000000260d0000,0x00000000261d0000)]
  0x0000000018e9b800 JavaThread "pool-4-thread-1" [_thread_blocked, id=11920, stack(0x0000000025eb0000,0x0000000025fb0000)]
  0x0000000018e9d000 JavaThread "WorkerExecutor Queue Thread 4" [_thread_blocked, id=2644, stack(0x0000000025fd0000,0x00000000260d0000)]
  0x0000000018ea2800 JavaThread "WorkerExecutor Queue Thread 3" [_thread_blocked, id=7156, stack(0x0000000025db0000,0x0000000025eb0000)]
  0x0000000018ea0000 JavaThread "WorkerExecutor Queue Thread 2" [_thread_blocked, id=6128, stack(0x0000000025cb0000,0x0000000025db0000)]
  0x0000000018ea1000 JavaThread "WorkerExecutor Queue" [_thread_blocked, id=12208, stack(0x0000000025bb0000,0x0000000025cb0000)]
  0x0000000018e9a000 JavaThread "Cache worker for execution history cache (C:\Users\vgris\Desktop\2019 projects\TicTac\.gradle\5.4.1\executionHistory)" [_thread_blocked, id=10860, stack(0x00000000258b0000,0x00000000259b0000)]
  0x000000001c8e6000 JavaThread "Execution worker for ':' Thread 3" [_thread_in_Java, id=3800, stack(0x00000000247e0000,0x00000000248e0000)]
  0x000000001c8e5000 JavaThread "Execution worker for ':' Thread 2" [_thread_in_native, id=11104, stack(0x00000000246e0000,0x00000000247e0000)]
  0x000000001c8e4800 JavaThread "Execution worker for ':'" [_thread_in_Java, id=7976, stack(0x00000000245e0000,0x00000000246e0000)]
  0x000000001c8e3800 JavaThread "Cache worker for file content cache (C:\Users\vgris\Desktop\2019 projects\TicTac\.gradle\5.4.1\fileContent)" [_thread_blocked, id=2376, stack(0x00000000244e0000,0x00000000245e0000)]
  0x000000001c8e3000 JavaThread "Cache worker for file content cache (C:\Users\vgris\.gradle\caches\5.4.1\fileContent)" [_thread_blocked, id=11676, stack(0x00000000243e0000,0x00000000244e0000)]
  0x000000001c8e0000 JavaThread "Cache worker for Build Output Cleanup Cache (C:\Users\vgris\Desktop\2019 projects\TicTac\.gradle\buildOutputCleanup)" [_thread_blocked, id=7236, stack(0x00000000242e0000,0x00000000243e0000)]
  0x000000001c8e1800 JavaThread "Build operations Thread 4" [_thread_blocked, id=14616, stack(0x00000000241e0000,0x00000000242e0000)]
  0x000000001c8e2000 JavaThread "Build operations Thread 3" [_thread_blocked, id=9248, stack(0x00000000238c0000,0x00000000239c0000)]
  0x000000001c8df000 JavaThread "Build operations Thread 2" [_thread_blocked, id=12576, stack(0x00000000222c0000,0x00000000223c0000)]
  0x000000001c8e0800 JavaThread "Build operations" [_thread_blocked, id=4748, stack(0x0000000021130000,0x0000000021230000)]
  0x00000000168a8800 JavaThread "Cache worker for cache directory md-rule (C:\Users\vgris\.gradle\caches\5.4.1\md-rule)" [_thread_blocked, id=8120, stack(0x0000000021030000,0x0000000021130000)]
  0x00000000168a8000 JavaThread "Cache worker for cache directory md-supplier (C:\Users\vgris\.gradle\caches\5.4.1\md-supplier)" [_thread_blocked, id=14516, stack(0x0000000020430000,0x0000000020530000)]
  0x000000001b934800 JavaThread "Cache worker for file hash cache (C:\Users\vgris\Desktop\2019 projects\TicTac\.gradle\5.4.1\fileHashes)" [_thread_blocked, id=10508, stack(0x000000001f310000,0x000000001f410000)]
  0x000000001b934000 JavaThread "Thread-28" [_thread_blocked, id=7600, stack(0x000000001edc0000,0x000000001eec0000)]
  0x000000001b931000 JavaThread "Stdin handler" [_thread_blocked, id=12428, stack(0x000000001b150000,0x000000001b250000)]
  0x000000001b92b000 JavaThread "Asynchronous log dispatcher for DefaultDaemonConnection: socket connection from /127.0.0.1:30370 to /127.0.0.1:30410" [_thread_blocked, id=14228, stack(0x000000001ae50000,0x000000001af50000)]
  0x000000001b928800 JavaThread "Daemon worker Thread 2" [_thread_in_Java, id=5372, stack(0x000000001a950000,0x000000001aa50000)]
  0x000000001b92f800 JavaThread "Cancel handler" [_thread_blocked, id=13136, stack(0x00000000012f0000,0x00000000013f0000)]
  0x000000001b92e800 JavaThread "Handler for socket connection from /127.0.0.1:30370 to /127.0.0.1:30410" [_thread_in_native, id=10672, stack(0x00000000011f0000,0x00000000012f0000)]
  0x000000001b92e000 JavaThread "Daemon Thread 2" [_thread_blocked, id=7856, stack(0x00000000010f0000,0x00000000011f0000)]
  0x000000001b92a000 JavaThread "Memory manager" [_thread_blocked, id=11248, stack(0x00000000233c0000,0x00000000234c0000)]
  0x000000001b929800 JavaThread "Cache worker for execution history cache (C:\Users\vgris\.gradle\caches\5.4.1\executionHistory)" [_thread_blocked, id=11440, stack(0x0000000020530000,0x0000000020630000)]
  0x00000000168ab800 JavaThread "Cache worker for journal cache (C:\Users\vgris\.gradle\caches\journal-1)" [_thread_blocked, id=5860, stack(0x000000001b450000,0x000000001b550000)]
  0x00000000168a5000 JavaThread "File lock request listener" [_thread_in_native, id=584, stack(0x000000001b350000,0x000000001b450000)]
  0x00000000168ab000 JavaThread "Cache worker for file hash cache (C:\Users\vgris\.gradle\caches\5.4.1\fileHashes)" [_thread_blocked, id=9708, stack(0x000000001b250000,0x000000001b350000)]
  0x0000000018a43000 JavaThread "Daemon periodic checks" [_thread_blocked, id=14140, stack(0x000000001a850000,0x000000001a950000)]
  0x0000000018a42000 JavaThread "Incoming local TCP Connector on port 30370" [_thread_in_native, id=1176, stack(0x000000001a600000,0x000000001a700000)]
  0x00000000197cf800 JavaThread "Daemon health stats" [_thread_blocked, id=15296, stack(0x0000000019fc0000,0x000000001a0c0000)]
  0x0000000018223000 JavaThread "Service Thread" daemon [_thread_blocked, id=12492, stack(0x00000000185f0000,0x00000000186f0000)]
  0x00000000168a6800 JavaThread "C1 CompilerThread2" daemon [_thread_blocked, id=6340, stack(0x00000000180f0000,0x00000000181f0000)]
=>0x00000000168a0800 JavaThread "C2 CompilerThread1" daemon [_thread_in_native, id=13980, stack(0x0000000017ff0000,0x00000000180f0000)]
  0x0000000016898800 JavaThread "C2 CompilerThread0" daemon [_thread_in_native, id=1200, stack(0x0000000017ef0000,0x0000000017ff0000)]
  0x0000000016896800 JavaThread "Attach Listener" daemon [_thread_blocked, id=15080, stack(0x0000000017df0000,0x0000000017ef0000)]
  0x0000000016895000 JavaThread "Signal Dispatcher" daemon [_thread_blocked, id=11604, stack(0x0000000017cf0000,0x0000000017df0000)]
  0x0000000002f1b800 JavaThread "Finalizer" daemon [_thread_blocked, id=12720, stack(0x0000000017ae0000,0x0000000017be0000)]
  0x000000001687a000 JavaThread "Reference Handler" daemon [_thread_blocked, id=4036, stack(0x00000000179e0000,0x0000000017ae0000)]
  0x0000000002e22800 JavaThread "main" [_thread_blocked, id=13668, stack(0x0000000002cd0000,0x0000000002dd0000)]

Other Threads:
  0x0000000016857000 VMThread [stack: 0x00000000178e0000,0x00000000179e0000] [id=15072]
  0x00000000168ed000 WatcherThread [stack: 0x00000000186f0000,0x00000000187f0000] [id=8608]

VM state:not at safepoint (normal execution)

VM Mutex/Monitor currently owned by a thread: None

heap address: 0x00000000a0000000, size: 1536 MB, Compressed Oops mode: 32-bit
Narrow klass base: 0x0000000000000000, Narrow klass shift: 3
Compressed class space size: 1073741824 Address: 0x0000000100000000

Heap:
 PSYoungGen      total 452608K, used 192245K [0x00000000e0000000, 0x0000000100000000, 0x0000000100000000)
  eden space 411648K, 38% used [0x00000000e0000000,0x00000000e9b6ee60,0x00000000f9200000)
  from space 40960K, 80% used [0x00000000f9200000,0x00000000fb24e918,0x00000000fba00000)
  to   space 44032K, 0% used [0x00000000fd500000,0x00000000fd500000,0x0000000100000000)
 ParOldGen       total 140800K, used 96450K [0x00000000a0000000, 0x00000000a8980000, 0x00000000e0000000)
  object space 140800K, 68% used [0x00000000a0000000,0x00000000a5e30828,0x00000000a8980000)
 Metaspace       used 93399K, capacity 97264K, committed 97408K, reserved 1134592K
  class space    used 12220K, capacity 13058K, committed 13184K, reserved 1048576K

Card table byte_map: [0x00000000122e0000,0x00000000125f0000] byte_map_base: 0x0000000011de0000

Marking Bits: (ParMarkBitMap*) 0x000000005df54ce0
 Begin Bits: [0x0000000012bf0000, 0x00000000143f0000)
 End Bits:   [0x00000000143f0000, 0x0000000015bf0000)

Polling page: 0x0000000000fe0000

CodeCache: size=245760Kb used=54421Kb max_used=54821Kb free=191338Kb
 bounds [0x0000000002f20000, 0x00000000065a0000, 0x0000000011f20000]
 total_blobs=16741 nmethods=15865 adapters=784
 compilation: enabled

Compilation events (10 events):
Event: 1064.962 Thread 0x00000000168a6800 19331       3       com.android.tools.r8.ir.code.Instruction::s0 (38 bytes)
Event: 1064.963 Thread 0x00000000168a6800 nmethod 19331 0x0000000003d6f310 code [0x0000000003d6f4e0, 0x0000000003d6fd48]
Event: 1064.967 Thread 0x00000000168a6800 19332       2       com.android.tools.r8.ir.code.BasicBlock::h (51 bytes)
Event: 1064.968 Thread 0x00000000168a6800 nmethod 19332 0x00000000039b78d0 code [0x00000000039b7a80, 0x00000000039b7d48]
Event: 1064.979 Thread 0x00000000168a6800 19333       2       java.util.TreeMap::clear (21 bytes)
Event: 1064.979 Thread 0x00000000168a6800 nmethod 19333 0x0000000005ed7e90 code [0x0000000005ed7fe0, 0x0000000005ed8150]
Event: 1064.989 Thread 0x00000000168a6800 19334 %     3       com.android.tools.r8.graph.DexDebugEventBuilder::a @ 109 (194 bytes)
Event: 1064.991 Thread 0x00000000168a6800 nmethod 19334% 0x000000000594a510 code [0x000000000594a760, 0x000000000594b5e8]
Event: 1064.998 Thread 0x00000000168a6800 19335       2       com.android.tools.r8.ir.optimize.CodeRewriter::a (524 bytes)
Event: 1065.001 Thread 0x00000000168a6800 nmethod 19335 0x00000000060d0090 code [0x00000000060d0440, 0x00000000060d1838]

GC Heap History (10 events):
Event: 1058.169 GC heap before
{Heap before GC invocations=28 (full 3):
 PSYoungGen      total 403456K, used 390392K [0x00000000e0000000, 0x00000000fba80000, 0x0000000100000000)
  eden space 360960K, 100% used [0x00000000e0000000,0x00000000f6080000,0x00000000f6080000)
  from space 42496K, 69% used [0x00000000f8b00000,0x00000000fa7be0b0,0x00000000fb480000)
  to   space 43520K, 0% used [0x00000000f6080000,0x00000000f6080000,0x00000000f8b00000)
 ParOldGen       total 140800K, used 89312K [0x00000000a0000000, 0x00000000a8980000, 0x00000000e0000000)
  object space 140800K, 63% used [0x00000000a0000000,0x00000000a5738260,0x00000000a8980000)
 Metaspace       used 93231K, capacity 97056K, committed 97408K, reserved 1134592K
  class space    used 12217K, capacity 13058K, committed 13184K, reserved 1048576K
Event: 1058.214 GC heap after
Heap after GC invocations=28 (full 3):
 PSYoungGen      total 404480K, used 22437K [0x00000000e0000000, 0x00000000fe500000, 0x0000000100000000)
  eden space 360960K, 0% used [0x00000000e0000000,0x00000000e0000000,0x00000000f6080000)
  from space 43520K, 51% used [0x00000000f6080000,0x00000000f76694e0,0x00000000f8b00000)
  to   space 41984K, 0% used [0x00000000fbc00000,0x00000000fbc00000,0x00000000fe500000)
 ParOldGen       total 140800K, used 96434K [0x00000000a0000000, 0x00000000a8980000, 0x00000000e0000000)
  object space 140800K, 68% used [0x00000000a0000000,0x00000000a5e2c828,0x00000000a8980000)
 Metaspace       used 93231K, capacity 97056K, committed 97408K, reserved 1134592K
  class space    used 12217K, capacity 13058K, committed 13184K, reserved 1048576K
}
Event: 1059.693 GC heap before
{Heap before GC invocations=29 (full 3):
 PSYoungGen      total 404480K, used 383397K [0x00000000e0000000, 0x00000000fe500000, 0x0000000100000000)
  eden space 360960K, 100% used [0x00000000e0000000,0x00000000f6080000,0x00000000f6080000)
  from space 43520K, 51% used [0x00000000f6080000,0x00000000f76694e0,0x00000000f8b00000)
  to   space 41984K, 0% used [0x00000000fbc00000,0x00000000fbc00000,0x00000000fe500000)
 ParOldGen       total 140800K, used 96434K [0x00000000a0000000, 0x00000000a8980000, 0x00000000e0000000)
  object space 140800K, 68% used [0x00000000a0000000,0x00000000a5e2c828,0x00000000a8980000)
 Metaspace       used 93265K, capacity 97136K, committed 97408K, reserved 1134592K
  class space    used 12219K, capacity 13058K, committed 13184K, reserved 1048576K
Event: 1059.744 GC heap after
Heap after GC invocations=29 (full 3):
 PSYoungGen      total 450560K, used 25170K [0x00000000e0000000, 0x00000000fe200000, 0x0000000100000000)
  eden space 411648K, 0% used [0x00000000e0000000,0x00000000e0000000,0x00000000f9200000)
  from space 38912K, 64% used [0x00000000fbc00000,0x00000000fd494b70,0x00000000fe200000)
  to   space 40960K, 0% used [0x00000000f9200000,0x00000000f9200000,0x00000000fba00000)
 ParOldGen       total 140800K, used 96434K [0x00000000a0000000, 0x00000000a8980000, 0x00000000e0000000)
  object space 140800K, 68% used [0x00000000a0000000,0x00000000a5e2c828,0x00000000a8980000)
 Metaspace       used 93265K, capacity 97136K, committed 97408K, reserved 1134592K
  class space    used 12219K, capacity 13058K, committed 13184K, reserved 1048576K
}
Event: 1061.294 GC heap before
{Heap before GC invocations=30 (full 3):
 PSYoungGen      total 450560K, used 436818K [0x00000000e0000000, 0x00000000fe200000, 0x0000000100000000)
  eden space 411648K, 100% used [0x00000000e0000000,0x00000000f9200000,0x00000000f9200000)
  from space 38912K, 64% used [0x00000000fbc00000,0x00000000fd494b70,0x00000000fe200000)
  to   space 40960K, 0% used [0x00000000f9200000,0x00000000f9200000,0x00000000fba00000)
 ParOldGen       total 140800K, used 96434K [0x00000000a0000000, 0x00000000a8980000, 0x00000000e0000000)
  object space 140800K, 68% used [0x00000000a0000000,0x00000000a5e2c828,0x00000000a8980000)
 Metaspace       used 93314K, capacity 97200K, committed 97408K, reserved 1134592K
  class space    used 12220K, capacity 13058K, committed 13184K, reserved 1048576K
Event: 1061.339 GC heap after
Heap after GC invocations=30 (full 3):
 PSYoungGen      total 452608K, used 27016K [0x00000000e0000000, 0x00000000fe200000, 0x0000000100000000)
  eden space 411648K, 0% used [0x00000000e0000000,0x00000000e0000000,0x00000000f9200000)
  from space 40960K, 65% used [0x00000000f9200000,0x00000000fac623e0,0x00000000fba00000)
  to   space 38912K, 0% used [0x00000000fbc00000,0x00000000fbc00000,0x00000000fe200000)
 ParOldGen       total 140800K, used 96434K [0x00000000a0000000, 0x00000000a8980000, 0x00000000e0000000)
  object space 140800K, 68% used [0x00000000a0000000,0x00000000a5e2c828,0x00000000a8980000)
 Metaspace       used 93314K, capacity 97200K, committed 97408K, reserved 1134592K
  class space    used 12220K, capacity 13058K, committed 13184K, reserved 1048576K
}
Event: 1062.735 GC heap before
{Heap before GC invocations=31 (full 3):
 PSYoungGen      total 452608K, used 438664K [0x00000000e0000000, 0x00000000fe200000, 0x0000000100000000)
  eden space 411648K, 100% used [0x00000000e0000000,0x00000000f9200000,0x00000000f9200000)
  from space 40960K, 65% used [0x00000000f9200000,0x00000000fac623e0,0x00000000fba00000)
  to   space 38912K, 0% used [0x00000000fbc00000,0x00000000fbc00000,0x00000000fe200000)
 ParOldGen       total 140800K, used 96434K [0x00000000a0000000, 0x00000000a8980000, 0x00000000e0000000)
  object space 140800K, 68% used [0x00000000a0000000,0x00000000a5e2c828,0x00000000a8980000)
 Metaspace       used 93333K, capacity 97200K, committed 97408K, reserved 1134592K
  class space    used 12220K, capacity 13058K, committed 13184K, reserved 1048576K
Event: 1062.789 GC heap after
Heap after GC invocations=31 (full 3):
 PSYoungGen      total 450560K, used 31285K [0x00000000e0000000, 0x00000000fe200000, 0x0000000100000000)
  eden space 411648K, 0% used [0x00000000e0000000,0x00000000e0000000,0x00000000f9200000)
  from space 38912K, 80% used [0x00000000fbc00000,0x00000000fda8d660,0x00000000fe200000)
  to   space 40960K, 0% used [0x00000000f9200000,0x00000000f9200000,0x00000000fba00000)
 ParOldGen       total 140800K, used 96442K [0x00000000a0000000, 0x00000000a8980000, 0x00000000e0000000)
  object space 140800K, 68% used [0x00000000a0000000,0x00000000a5e2e828,0x00000000a8980000)
 Metaspace       used 93333K, capacity 97200K, committed 97408K, reserved 1134592K
  class space    used 12220K, capacity 13058K, committed 13184K, reserved 1048576K
}
Event: 1064.261 GC heap before
{Heap before GC invocations=32 (full 3):
 PSYoungGen      total 450560K, used 442933K [0x00000000e0000000, 0x00000000fe200000, 0x0000000100000000)
  eden space 411648K, 100% used [0x00000000e0000000,0x00000000f9200000,0x00000000f9200000)
  from space 38912K, 80% used [0x00000000fbc00000,0x00000000fda8d660,0x00000000fe200000)
  to   space 40960K, 0% used [0x00000000f9200000,0x00000000f9200000,0x00000000fba00000)
 ParOldGen       total 140800K, used 96442K [0x00000000a0000000, 0x00000000a8980000, 0x00000000e0000000)
  object space 140800K, 68% used [0x00000000a0000000,0x00000000a5e2e828,0x00000000a8980000)
 Metaspace       used 93374K, capacity 97264K, committed 97408K, reserved 1134592K
  class space    used 12220K, capacity 13058K, committed 13184K, reserved 1048576K
Event: 1064.339 GC heap after
Heap after GC invocations=32 (full 3):
 PSYoungGen      total 452608K, used 33082K [0x00000000e0000000, 0x0000000100000000, 0x0000000100000000)
  eden space 411648K, 0% used [0x00000000e0000000,0x00000000e0000000,0x00000000f9200000)
  from space 40960K, 80% used [0x00000000f9200000,0x00000000fb24e918,0x00000000fba00000)
  to   space 44032K, 0% used [0x00000000fd500000,0x00000000fd500000,0x0000000100000000)
 ParOldGen       total 140800K, used 96450K [0x00000000a0000000, 0x00000000a8980000, 0x00000000e0000000)
  object space 140800K, 68% used [0x00000000a0000000,0x00000000a5e30828,0x00000000a8980000)
 Metaspace       used 93374K, capacity 97264K, committed 97408K, reserved 1134592K
  class space    used 12220K, capacity 13058K, committed 13184K, reserved 1048576K
}

Deoptimization events (10 events):
Event: 1060.435 Thread 0x000000001c8e5000 Uncommon trap: reason=unstable_if action=reinterpret pc=0x0000000005ce8b10 method=com.android.tools.r8.ir.regalloc.LiveIntervals.p()Z @ 9
Event: 1060.476 Thread 0x000000001b928800 Uncommon trap: reason=unstable_if action=reinterpret pc=0x000000000514f6ac method=com.android.tools.r8.ir.code.ValueType.c()Z @ 11
Event: 1061.042 Thread 0x000000001c8e6000 Uncommon trap: reason=predicate action=maybe_recompile pc=0x000000000652e8fc method=com.android.tools.r8.ir.optimize.PeepholeOptimizer.a(Lcom/android/tools/r8/ir/code/IRCode;Lcom/android/tools/r8/ir/regalloc/RegisterAllocator;I)V @ 338
Event: 1061.155 Thread 0x000000001c8e4800 Uncommon trap: reason=unstable_if action=reinterpret pc=0x00000000043f40e8 method=java.util.concurrent.ConcurrentHashMap.transfer([Ljava/util/concurrent/ConcurrentHashMap$Node;[Ljava/util/concurrent/ConcurrentHashMap$Node;)V @ 356
Event: 1062.018 Thread 0x000000001b928800 Uncommon trap: reason=class_check action=maybe_recompile pc=0x00000000054b83c0 method=com.android.tools.r8.ir.analysis.g.e.b(Lcom/android/tools/r8/ir/code/Instruction;)V @ 376
Event: 1062.852 Thread 0x000000001b928800 Uncommon trap: reason=unstable_if action=reinterpret pc=0x00000000038aba24 method=com.android.tools.r8.graph.DexString.<init>(Ljava/lang/String;)V @ 32
Event: 1062.982 Thread 0x000000001b928800 Uncommon trap: reason=class_check action=maybe_recompile pc=0x00000000054b7bc0 method=com.android.tools.r8.ir.analysis.g.e.b(Lcom/android/tools/r8/ir/code/Instruction;)V @ 241
Event: 1063.381 Thread 0x000000001b928800 Uncommon trap: reason=class_check action=maybe_recompile pc=0x00000000054b7bc0 method=com.android.tools.r8.ir.analysis.g.e.b(Lcom/android/tools/r8/ir/code/Instruction;)V @ 241
Event: 1064.227 Thread 0x000000001b928800 Uncommon trap: reason=class_check action=maybe_recompile pc=0x00000000054b7bc0 method=com.android.tools.r8.ir.analysis.g.e.b(Lcom/android/tools/r8/ir/code/Instruction;)V @ 241
Event: 1064.633 Thread 0x000000001b928800 Uncommon trap: reason=unstable_if action=reinterpret pc=0x00000000060a0d74 method=com.android.tools.r8.ir.conversion.N.getCanonicalDebugPositionAtOffset(I)Lcom/android/tools/r8/ir/code/Position; @ 51

Classes redefined (0 events):
No events

Internal exceptions (10 events):
Event: 1060.716 Thread 0x000000001b928800 Exception <a 'sun/nio/fs/WindowsException'> (0x00000000ef4b4590) thrown at [C:\re\workspace\8-2-build-windows-amd64-cygwin\jdk8u201\12322\hotspot\src\share\vm\prims\jni.cpp, line 709]
Event: 1060.720 Thread 0x000000001c8e4800 Exception <a 'sun/nio/fs/WindowsException'> (0x00000000ef3991f0) thrown at [C:\re\workspace\8-2-build-windows-amd64-cygwin\jdk8u201\12322\hotspot\src\share\vm\prims\jni.cpp, line 709]
Event: 1061.225 Thread 0x000000001c8e6000 Exception <a 'sun/nio/fs/WindowsException'> (0x00000000f7d66148) thrown at [C:\re\workspace\8-2-build-windows-amd64-cygwin\jdk8u201\12322\hotspot\src\share\vm\prims\jni.cpp, line 709]
Event: 1061.239 Thread 0x000000001b928800 Exception <a 'sun/nio/fs/WindowsException'> (0x00000000f865b240) thrown at [C:\re\workspace\8-2-build-windows-amd64-cygwin\jdk8u201\12322\hotspot\src\share\vm\prims\jni.cpp, line 709]
Event: 1061.623 Thread 0x000000001c8e6000 Exception <a 'sun/nio/fs/WindowsException'> (0x00000000e5940470) thrown at [C:\re\workspace\8-2-build-windows-amd64-cygwin\jdk8u201\12322\hotspot\src\share\vm\prims\jni.cpp, line 709]
Event: 1062.234 Thread 0x000000001b928800 Exception <a 'sun/nio/fs/WindowsException'> (0x00000000f067c910) thrown at [C:\re\workspace\8-2-build-windows-amd64-cygwin\jdk8u201\12322\hotspot\src\share\vm\prims\jni.cpp, line 709]
Event: 1062.598 Thread 0x000000001b928800 Exception <a 'sun/nio/fs/WindowsException'> (0x00000000f6ed3ca0) thrown at [C:\re\workspace\8-2-build-windows-amd64-cygwin\jdk8u201\12322\hotspot\src\share\vm\prims\jni.cpp, line 709]
Event: 1064.446 Thread 0x000000001c8e6000 Exception <a 'sun/nio/fs/WindowsException'> (0x00000000e1235768) thrown at [C:\re\workspace\8-2-build-windows-amd64-cygwin\jdk8u201\12322\hotspot\src\share\vm\prims\jni.cpp, line 709]
Event: 1064.619 Thread 0x000000001c8e5000 Exception <a 'sun/nio/fs/WindowsException'> (0x00000000e2f530a8) thrown at [C:\re\workspace\8-2-build-windows-amd64-cygwin\jdk8u201\12322\hotspot\src\share\vm\prims\jni.cpp, line 709]
Event: 1064.833 Thread 0x000000001c8e6000 Exception <a 'sun/nio/fs/WindowsException'> (0x00000000e6f1d470) thrown at [C:\re\workspace\8-2-build-windows-amd64-cygwin\jdk8u201\12322\hotspot\src\share\vm\prims\jni.cpp, line 709]

Events (10 events):
Event: 1064.974 Thread 0x000000001b928800 DEOPT PACKING pc=0x0000000005e72ba9 sp=0x000000001aa47dc0
Event: 1064.974 Thread 0x000000001b928800 DEOPT UNPACKING pc=0x0000000002f67890 sp=0x000000001aa47c78 mode 0
Event: 1064.980 Thread 0x000000001b928800 DEOPT PACKING pc=0x0000000005c05afe sp=0x000000001aa48280
Event: 1064.980 Thread 0x000000001b928800 DEOPT UNPACKING pc=0x0000000002f67890 sp=0x000000001aa48100 mode 0
Event: 1065.010 Thread 0x000000001c8e4800 DEOPT PACKING pc=0x0000000005c05afe sp=0x00000000246daf80
Event: 1065.010 Thread 0x000000001c8e4800 DEOPT UNPACKING pc=0x0000000002f67890 sp=0x00000000246dae00 mode 0
Event: 1065.011 Thread 0x000000001b928800 DEOPT PACKING pc=0x0000000005fa3c8d sp=0x000000001aa47bc0
Event: 1065.011 Thread 0x000000001b928800 DEOPT UNPACKING pc=0x0000000002f67890 sp=0x000000001aa479e8 mode 0
Event: 1065.012 Thread 0x000000001c8e4800 DEOPT PACKING pc=0x0000000005e72dd9 sp=0x00000000246daac0
Event: 1065.012 Thread 0x000000001c8e4800 DEOPT UNPACKING pc=0x0000000002f67890 sp=0x00000000246da978 mode 0


Dynamic libraries:
0x00007ff627970000 - 0x00007ff6279a7000 	C:\Program Files\Java\jdk1.8.0_201\bin\java.exe
0x00007ffa306a0000 - 0x00007ffa30890000 	C:\WINDOWS\SYSTEM32\ntdll.dll
0x00007ffa2f3f0000 - 0x00007ffa2f4a2000 	C:\WINDOWS\System32\KERNEL32.DLL
0x00007ffa2e270000 - 0x00007ffa2e513000 	C:\WINDOWS\System32\KERNELBASE.dll
0x00007ffa30330000 - 0x00007ffa303d3000 	C:\WINDOWS\System32\ADVAPI32.dll
0x00007ffa30060000 - 0x00007ffa300fe000 	C:\WINDOWS\System32\msvcrt.dll
0x00007ffa2f920000 - 0x00007ffa2f9b7000 	C:\WINDOWS\System32\sechost.dll
0x00007ffa2f9f0000 - 0x00007ffa2fb10000 	C:\WINDOWS\System32\RPCRT4.dll
0x00007ffa30460000 - 0x00007ffa305f4000 	C:\WINDOWS\System32\USER32.dll
0x00007ffa2e520000 - 0x00007ffa2e541000 	C:\WINDOWS\System32\win32u.dll
0x00007ffa2e750000 - 0x00007ffa2e776000 	C:\WINDOWS\System32\GDI32.dll
0x00007ffa2d820000 - 0x00007ffa2d9b4000 	C:\WINDOWS\System32\gdi32full.dll
0x00007ffa2d780000 - 0x00007ffa2d81e000 	C:\WINDOWS\System32\msvcp_win.dll
0x00007ffa2e550000 - 0x00007ffa2e64a000 	C:\WINDOWS\System32\ucrtbase.dll
0x00007ffa1eb20000 - 0x00007ffa1eda5000 	C:\WINDOWS\WinSxS\amd64_microsoft.windows.common-controls_6595b64144ccf1df_6.0.18362.720_none_e6beb5c51314836b\COMCTL32.dll
0x00007ffa2e960000 - 0x00007ffa2ec96000 	C:\WINDOWS\System32\combase.dll
0x00007ffa2e650000 - 0x00007ffa2e6d0000 	C:\WINDOWS\System32\bcryptPrimitives.dll
0x00007ffa2f9c0000 - 0x00007ffa2f9ee000 	C:\WINDOWS\System32\IMM32.DLL
0x000000005dfe0000 - 0x000000005e0b1000 	C:\Program Files\Java\jdk1.8.0_201\jre\bin\msvcr100.dll
0x000000005d730000 - 0x000000005dfd4000 	C:\Program Files\Java\jdk1.8.0_201\jre\bin\server\jvm.dll
0x00007ffa2fb90000 - 0x00007ffa2fb98000 	C:\WINDOWS\System32\PSAPI.DLL
0x00007ffa2b5e0000 - 0x00007ffa2b604000 	C:\WINDOWS\SYSTEM32\WINMM.dll
0x00007ffa11340000 - 0x00007ffa11349000 	C:\WINDOWS\SYSTEM32\WSOCK32.dll
0x00007ffa20d00000 - 0x00007ffa20d0a000 	C:\WINDOWS\SYSTEM32\VERSION.dll
0x00007ffa2fd00000 - 0x00007ffa2fd6f000 	C:\WINDOWS\System32\WS2_32.dll
0x00007ffa2b5b0000 - 0x00007ffa2b5dd000 	C:\WINDOWS\SYSTEM32\winmmbase.dll
0x00007ffa2d9f0000 - 0x00007ffa2da3a000 	C:\WINDOWS\System32\cfgmgr32.dll
0x00007ffa247b0000 - 0x00007ffa247bf000 	C:\Program Files\Java\jdk1.8.0_201\jre\bin\verify.dll
0x00007ffa1e9e0000 - 0x00007ffa1ea09000 	C:\Program Files\Java\jdk1.8.0_201\jre\bin\java.dll
0x00007ffa1e9a0000 - 0x00007ffa1e9b6000 	C:\Program Files\Java\jdk1.8.0_201\jre\bin\zip.dll
0x00007ffa2eca0000 - 0x00007ffa2f385000 	C:\WINDOWS\System32\SHELL32.dll
0x00007ffa2fec0000 - 0x00007ffa2ff69000 	C:\WINDOWS\System32\shcore.dll
0x00007ffa2da40000 - 0x00007ffa2e1c0000 	C:\WINDOWS\System32\windows.storage.dll
0x00007ffa2d600000 - 0x00007ffa2d623000 	C:\WINDOWS\System32\profapi.dll
0x00007ffa2d590000 - 0x00007ffa2d5da000 	C:\WINDOWS\System32\powrprof.dll
0x00007ffa2d560000 - 0x00007ffa2d570000 	C:\WINDOWS\System32\UMPDC.dll
0x00007ffa2f390000 - 0x00007ffa2f3e2000 	C:\WINDOWS\System32\shlwapi.dll
0x00007ffa2d570000 - 0x00007ffa2d581000 	C:\WINDOWS\System32\kernel.appcore.dll
0x00007ffa2e730000 - 0x00007ffa2e747000 	C:\WINDOWS\System32\cryptsp.dll
0x00007ffa1e980000 - 0x00007ffa1e99a000 	C:\Program Files\Java\jdk1.8.0_201\jre\bin\net.dll
0x00007ffa206e0000 - 0x00007ffa208b5000 	C:\WINDOWS\SYSTEM32\urlmon.dll
0x00007ffa20f70000 - 0x00007ffa21216000 	C:\WINDOWS\SYSTEM32\iertutil.dll
0x00007ffa2cfa0000 - 0x00007ffa2cfac000 	C:\WINDOWS\SYSTEM32\CRYPTBASE.DLL
0x00007ffa2cdd0000 - 0x00007ffa2ce37000 	C:\WINDOWS\system32\mswsock.dll
0x00007ffa1db70000 - 0x00007ffa1db81000 	C:\Program Files\Java\jdk1.8.0_201\jre\bin\nio.dll
0x00007ff9f28e0000 - 0x00007ff9f2906000 	C:\Users\vgris\.gradle\native\29\windows-amd64\native-platform.dll
0x00007ffa23df0000 - 0x00007ffa23dfd000 	C:\Program Files\Java\jdk1.8.0_201\jre\bin\management.dll
0x00007ffa2c940000 - 0x00007ffa2c973000 	C:\WINDOWS\system32\rsaenh.dll
0x00007ffa2d9c0000 - 0x00007ffa2d9e6000 	C:\WINDOWS\System32\bcrypt.dll
0x00007ffa2d480000 - 0x00007ffa2d4a5000 	C:\WINDOWS\SYSTEM32\USERENV.dll
0x00007ffa2cae0000 - 0x00007ffa2cb1a000 	C:\WINDOWS\SYSTEM32\IPHLPAPI.DLL
0x00007ffa2feb0000 - 0x00007ffa2feb8000 	C:\WINDOWS\System32\NSI.dll
0x00007ffa24960000 - 0x00007ffa24976000 	C:\WINDOWS\SYSTEM32\dhcpcsvc6.DLL
0x00007ffa248d0000 - 0x00007ffa248ec000 	C:\WINDOWS\SYSTEM32\dhcpcsvc.DLL
0x00007ffa2cb20000 - 0x00007ffa2cbea000 	C:\WINDOWS\SYSTEM32\DNSAPI.dll
0x00007ffa2b6e0000 - 0x00007ffa2b76f000 	C:\WINDOWS\system32\apphelp.dll

VM Arguments:
jvm_args: -Xmx1536m -Dfile.encoding=windows-1251 -Duser.country=RU -Duser.language=ru -Duser.variant 
java_command: org.gradle.launcher.daemon.bootstrap.GradleDaemon 5.4.1
java_class_path (initial): C:\Users\vgris\.gradle\wrapper\dists\gradle-5.4.1-all\3221gyojl5jsh0helicew7rwx\gradle-5.4.1\lib\gradle-launcher-5.4.1.jar
Launcher Type: SUN_STANDARD

Environment Variables:
CLASSPATH=.;E:\Programs\IBM\java\db2java.zip;E:\Programs\IBM\java\db2jcc.jar;E:\Programs\IBM\java\sqlj.zip;E:\Programs\IBM\java\db2jcc_license_cu.jar;E:\Programs\IBM\bin;E:\Programs\IBM\java\common.jar
PATH=E:\app\vgris\product\11.2.0\dbhome_1\bin;C:\Program Files (x86)\Embarcadero\Studio\20.0\bin;C:\Users\Public\Documents\Embarcadero\Studio\20.0\Bpl;C:\Program Files (x86)\Embarcadero\Studio\20.0\bin64;C:\Users\Public\Documents\Embarcadero\Studio\20.0\Bpl\Win64;C:\Program Files (x86)\Common Files\Oracle\Java\javapath;C:\WINDOWS\system32;C:\WINDOWS;C:\WINDOWS\System32\Wbem;C:\WINDOWS\System32\WindowsPowerShell\v1.0\;C:\WINDOWS\System32\OpenSSH\;C:\Program Files (x86)\ATI Technologies\ATI.ACE\Core-Static;C:\Program Files\dotnet\;C:\Program Files\Git\cmd;C:\Program Files\Java\jdk1.8.0_201\bin;C:\Program Files (x86)\AMD\ATI.ACE\Core-Static;D:\Games\Putty\;C:\Program Files\Intel\WiFi\bin\;C:\Program Files\Common Files\Intel\WirelessCommon\;C:\Program Files (x86)\Microsoft SQL Server\150\DTS\Binn\;C:\Program Files (x86)\GtkSharp\2.12\bin;C:\Program Files\ibm\gsk8\lib64;C:\Program Files (x86)\ibm\gsk8\lib;E:\Programs\IBM\BIN;E:\Programs\IBM\FUNCTION;E:\Programs\IBM\SAMPLES\REPL;C:\Program Files (x86)\Common Files\Acronis\SnapAPI\;C:\Users\vgris\AppData\Local\Programs\Python\Python37-32\Scripts\;C:\Users\vgris\AppData\Local\Programs\Python\Python37-32\;C:\Users\vgris\AppData\Local\Microsoft\WindowsApps;C:\Users\vgris\AppData\Local\atom\bin;C:\Users\vgris\AppData\Local\GitHubDesktop\bin;C:\Users\vgris\.dotnet\tools;D:\Games\IntelliJ IDEA\IntelliJ IDEA Community Edition 2018.3.4\bin;;C:\Program Files\Intel\WiFi\bin\;C:\Program Files\Common Files\Intel\WirelessCommon\;C:\Users\vgris\AppData\Local\Microsoft\WindowsApps;
USERNAME=vgris
OS=Windows_NT
PROCESSOR_IDENTIFIER=Intel64 Family 6 Model 60 Stepping 3, GenuineIntel



---------------  S Y S T E M  ---------------

OS: Windows 10.0 , 64 bit Build 18362 (10.0.18362.329)

CPU:total 4 (initial active 4) (2 cores per cpu, 2 threads per core) family 6 model 60 stepping 3, cmov, cx8, fxsr, mmx, sse, sse2, sse3, ssse3, sse4.1, sse4.2, popcnt, avx, avx2, aes, clmul, erms, lzcnt, ht, tsc, tscinvbit, bmi1, bmi2

Memory: 4k page, physical 8291792k(945568k free), swap 9340368k(5168k free)

vm_info: Java HotSpot(TM) 64-Bit Server VM (25.201-b09) for windows-amd64 JRE (1.8.0_201-b09), built on Dec 15 2018 18:36:39 by "java_re" with MS VC++ 10.0 (VS2010)

time: Fri Mar 27 00:55:49 2020
timezone: Финляндия (зима)
elapsed time: 1065 seconds (0d 0h 17m 45s)

