#
# There is insufficient memory for the Java Runtime Environment to continue.
# Native memory allocation (malloc) failed to allocate 182304 bytes for Chunk::new
# Possible reasons:
#   The system is out of physical RAM or swap space
#   The process is running with CompressedOops enabled, and the Java Heap may be blocking the growth of the native heap
# Possible solutions:
#   Reduce memory load on the system
#   Increase physical memory or swap space
#   Check if swap backing store is full
#   Decrease Java heap size (-Xmx/-Xms)
#   Decrease number of Java threads
#   Decrease Java thread stack sizes (-Xss)
#   Set larger code cache with -XX:ReservedCodeCacheSize=
#   JVM is running with Unscaled Compressed Oops mode in which the Java heap is
#     placed in the first 4GB address space. The Java Heap base address is the
#     maximum limit for the native heap growth. Please use -XX:HeapBaseMinAddress
#     to set the Java Heap base and to place the Java Heap above 4GB virtual address.
# This output file may be truncated or incomplete.
#
#  Out of Memory Error (allocation.cpp:390), pid=6492, tid=0x0000000000004020
#
# JRE version: Java(TM) SE Runtime Environment (8.0_201-b09) (build 1.8.0_201-b09)
# Java VM: Java HotSpot(TM) 64-Bit Server VM (25.201-b09 mixed mode windows-amd64 compressed oops)
# Failed to write core dump. Minidumps are not enabled by default on client versions of Windows
#

---------------  T H R E A D  ---------------

Current thread (0x0000000016d5a000):  JavaThread "C2 CompilerThread0" daemon [_thread_in_native, id=16416, stack(0x00000000183b0000,0x00000000184b0000)]

Stack: [0x00000000183b0000,0x00000000184b0000]
[error occurred during error reporting (printing stack bounds), id 0xc0000005]

Native frames: (J=compiled Java code, j=interpreted, Vv=VM code, C=native code)


Current CompileTask:
C2:  66537 11750       4       org.gradle.api.internal.artifacts.transform.AttributeMatchingVariantSelector::doSelect (431 bytes)


---------------  P R O C E S S  ---------------

Java Threads: ( => current thread )
  0x000000001e602800 JavaThread "WorkerExecutor Queue Thread 4" [_thread_blocked, id=11028, stack(0x0000000025a80000,0x0000000025b80000)]
  0x000000001e607800 JavaThread "WorkerExecutor Queue Thread 3" [_thread_in_Java, id=14440, stack(0x0000000025de0000,0x0000000025ee0000)]
  0x000000001e605800 JavaThread "WorkerExecutor Queue Thread 2" [_thread_blocked, id=13056, stack(0x0000000025ce0000,0x0000000025de0000)]
  0x000000001e604800 JavaThread "WorkerExecutor Queue" [_thread_blocked, id=14264, stack(0x0000000025be0000,0x0000000025ce0000)]
  0x000000001e604000 JavaThread "ForkJoinPool.commonPool-worker-0" daemon [_thread_blocked, id=11744, stack(0x0000000025980000,0x0000000025a80000)]
  0x000000001e5fb000 JavaThread "ForkJoinPool.commonPool-worker-3" daemon [_thread_blocked, id=18384, stack(0x00000000248a0000,0x00000000249a0000)]
  0x000000001e601000 JavaThread "ForkJoinPool.commonPool-worker-2" daemon [_thread_blocked, id=9288, stack(0x00000000017f0000,0x00000000018f0000)]
  0x000000001e600000 JavaThread "Cache worker for Java compile cache (C:\Users\vgris\Desktop\2019 projects\TicTac\.gradle\5.4.1\javaCompile)" [_thread_blocked, id=10176, stack(0x0000000026e90000,0x0000000026f90000)]
  0x000000001e5fc800 JavaThread "Cache worker for Java compile cache (C:\Users\vgris\.gradle\caches\5.4.1\javaCompile)" [_thread_blocked, id=14664, stack(0x0000000026bd0000,0x0000000026cd0000)]
  0x000000001e5fe000 JavaThread "Cache worker for execution history cache (C:\Users\vgris\Desktop\2019 projects\TicTac\.gradle\5.4.1\executionHistory)" [_thread_blocked, id=16548, stack(0x0000000026ad0000,0x0000000026bd0000)]
  0x000000001e5f8800 JavaThread "Execution worker for ':' Thread 3" [_thread_blocked, id=12732, stack(0x0000000025060000,0x0000000025160000)]
  0x000000001e5fe800 JavaThread "Execution worker for ':' Thread 2" [_thread_blocked, id=6408, stack(0x0000000024ab0000,0x0000000024bb0000)]
  0x000000001e5ff800 JavaThread "Execution worker for ':'" [_thread_blocked, id=9528, stack(0x00000000249b0000,0x0000000024ab0000)]
  0x000000001e5fb800 JavaThread "Cache worker for file content cache (C:\Users\vgris\Desktop\2019 projects\TicTac\.gradle\5.4.1\fileContent)" [_thread_blocked, id=11584, stack(0x00000000247a0000,0x00000000248a0000)]
  0x000000001e5fa000 JavaThread "Cache worker for Build Output Cleanup Cache (C:\Users\vgris\Desktop\2019 projects\TicTac\.gradle\buildOutputCleanup)" [_thread_blocked, id=6868, stack(0x00000000244a0000,0x00000000245a0000)]
  0x000000001e5fd000 JavaThread "Build operations Thread 4" [_thread_blocked, id=9952, stack(0x00000000243a0000,0x00000000244a0000)]
  0x00000000196e2000 JavaThread "Build operations Thread 3" [_thread_blocked, id=16496, stack(0x0000000023820000,0x0000000023920000)]
  0x00000000196e0800 JavaThread "Build operations Thread 2" [_thread_blocked, id=14528, stack(0x0000000023720000,0x0000000023820000)]
  0x00000000196df800 JavaThread "Build operations" [_thread_blocked, id=14548, stack(0x0000000022c20000,0x0000000022d20000)]
  0x000000001c271000 JavaThread "Cache worker for cache directory md-rule (C:\Users\vgris\.gradle\caches\5.4.1\md-rule)" [_thread_blocked, id=496, stack(0x0000000022520000,0x0000000022620000)]
  0x000000001c26f800 JavaThread "Cache worker for cache directory md-supplier (C:\Users\vgris\.gradle\caches\5.4.1\md-supplier)" [_thread_blocked, id=19720, stack(0x0000000022420000,0x0000000022520000)]
  0x000000001c270000 JavaThread "Cache worker for file hash cache (C:\Users\vgris\Desktop\2019 projects\TicTac\.gradle\5.4.1\fileHashes)" [_thread_blocked, id=6004, stack(0x0000000022320000,0x0000000022420000)]
  0x000000001c26e800 JavaThread "Thread-36" [_thread_blocked, id=4932, stack(0x0000000021fa0000,0x00000000220a0000)]
  0x000000001c274000 JavaThread "Stdin handler" [_thread_blocked, id=20332, stack(0x000000001f740000,0x000000001f840000)]
  0x000000001c273800 JavaThread "Asynchronous log dispatcher for DefaultDaemonConnection: socket connection from /127.0.0.1:1187 to /127.0.0.1:1202" [_thread_blocked, id=18180, stack(0x000000001f180000,0x000000001f280000)]
  0x000000001c272800 JavaThread "Cancel handler" [_thread_blocked, id=6508, stack(0x000000001f080000,0x000000001f180000)]
  0x000000001c272000 JavaThread "Handler for socket connection from /127.0.0.1:1187 to /127.0.0.1:1202" [_thread_in_native, id=13032, stack(0x000000001b610000,0x000000001b710000)]
  0x000000001c275800 JavaThread "Cache worker for file content cache (C:\Users\vgris\.gradle\caches\5.4.1\fileContent)" [_thread_blocked, id=896, stack(0x0000000023620000,0x0000000023720000)]
  0x000000001c275000 JavaThread "Memory manager" [_thread_blocked, id=7568, stack(0x0000000023520000,0x0000000023620000)]
  0x00000000196e1000 JavaThread "Cache worker for execution history cache (C:\Users\vgris\.gradle\caches\5.4.1\executionHistory)" [_thread_blocked, id=13016, stack(0x0000000021ca0000,0x0000000021da0000)]
  0x00000000196dd800 JavaThread "Cache worker for journal cache (C:\Users\vgris\.gradle\caches\journal-1)" [_thread_blocked, id=4480, stack(0x000000001bb10000,0x000000001bc10000)]
  0x00000000196dc800 JavaThread "File lock request listener" [_thread_in_native, id=13236, stack(0x000000001b810000,0x000000001b910000)]
  0x00000000196db000 JavaThread "Cache worker for file hash cache (C:\Users\vgris\.gradle\caches\5.4.1\fileHashes)" [_thread_blocked, id=1464, stack(0x000000001b710000,0x000000001b810000)]
  0x000000001892c800 JavaThread "Daemon worker" [_thread_blocked, id=17364, stack(0x000000001b310000,0x000000001b410000)]
  0x0000000018a96000 JavaThread "Daemon" [_thread_blocked, id=15736, stack(0x000000001ae10000,0x000000001af10000)]
  0x0000000018945800 JavaThread "Daemon periodic checks" [_thread_blocked, id=19188, stack(0x000000001ad10000,0x000000001ae10000)]
  0x000000001946e000 JavaThread "Incoming local TCP Connector on port 1187" [_thread_in_native, id=8868, stack(0x000000001aac0000,0x000000001abc0000)]
  0x0000000019c93000 JavaThread "Daemon health stats" [_thread_blocked, id=2708, stack(0x000000001a480000,0x000000001a580000)]
  0x00000000186fa000 JavaThread "Service Thread" daemon [_thread_blocked, id=16728, stack(0x0000000018ab0000,0x0000000018bb0000)]
  0x0000000016d6c800 JavaThread "C1 CompilerThread2" daemon [_thread_blocked, id=15368, stack(0x00000000185b0000,0x00000000186b0000)]
  0x0000000016d67800 JavaThread "C2 CompilerThread1" daemon [_thread_in_native, id=960, stack(0x00000000184b0000,0x00000000185b0000)]
=>0x0000000016d5a000 JavaThread "C2 CompilerThread0" daemon [_thread_in_native, id=16416, stack(0x00000000183b0000,0x00000000184b0000)]
  0x0000000016d57800 JavaThread "Attach Listener" daemon [_thread_blocked, id=14260, stack(0x00000000182b0000,0x00000000183b0000)]
  0x0000000016d55800 JavaThread "Signal Dispatcher" daemon [_thread_blocked, id=14024, stack(0x00000000181b0000,0x00000000182b0000)]
  0x00000000033dc000 JavaThread "Finalizer" daemon [_thread_blocked, id=19920, stack(0x0000000017fa0000,0x00000000180a0000)]
  0x00000000033d2000 JavaThread "Reference Handler" daemon [_thread_blocked, id=2056, stack(0x0000000017ea0000,0x0000000017fa0000)]
  0x00000000032e2800 JavaThread "main" [_thread_blocked, id=1684, stack(0x00000000031e0000,0x00000000032e0000)]

Other Threads:
  0x0000000016d17800 VMThread [stack: 0x0000000017da0000,0x0000000017ea0000] [id=6380]
  0x0000000018717800 WatcherThread [stack: 0x0000000018bb0000,0x0000000018cb0000] [id=2588]

VM state:not at safepoint (normal execution)

VM Mutex/Monitor currently owned by a thread: None

heap address: 0x00000000a0000000, size: 1536 MB, Compressed Oops mode: 32-bit
Narrow klass base: 0x0000000000000000, Narrow klass shift: 3
Compressed class space size: 1073741824 Address: 0x0000000100000000

Heap:
 PSYoungGen      total 247296K, used 186182K [0x00000000e0000000, 0x00000000f4580000, 0x0000000100000000)
  eden space 214016K, 71% used [0x00000000e0000000,0x00000000e9555808,0x00000000ed100000)
  from space 33280K, 99% used [0x00000000ed100000,0x00000000ef17c188,0x00000000ef180000)
  to   space 42496K, 0% used [0x00000000f1c00000,0x00000000f1c00000,0x00000000f4580000)
 ParOldGen       total 130560K, used 92431K [0x00000000a0000000, 0x00000000a7f80000, 0x00000000e0000000)
  object space 130560K, 70% used [0x00000000a0000000,0x00000000a5a43d88,0x00000000a7f80000)
 Metaspace       used 83291K, capacity 86452K, committed 86528K, reserved 1124352K
  class space    used 11350K, capacity 11999K, committed 12032K, reserved 1048576K

Card table byte_map: [0x00000000127a0000,0x0000000012ab0000] byte_map_base: 0x00000000122a0000

Marking Bits: (ParMarkBitMap*) 0x0000000056484ce0
 Begin Bits: [0x00000000130b0000, 0x00000000148b0000)
 End Bits:   [0x00000000148b0000, 0x00000000160b0000)

Polling page: 0x0000000001410000

CodeCache: size=245760Kb used=31597Kb max_used=32293Kb free=214162Kb
 bounds [0x00000000033e0000, 0x00000000053c0000, 0x00000000123e0000]
 total_blobs=10858 nmethods=9983 adapters=786
 compilation: enabled

Compilation events (10 events):
Event: 66.465 Thread 0x0000000016d6c800 11883       2       com.android.tools.r8.dex.DexParser$$Lambda$722/330846022::get$Lambda (9 bytes)
Event: 66.465 Thread 0x0000000016d6c800 nmethod 11883 0x00000000049d8a90 code [0x00000000049d8be0, 0x00000000049d8d70]
Event: 66.465 Thread 0x0000000016d6c800 11886       2       com.android.tools.r8.dex.DexParser::a (83 bytes)
Event: 66.465 Thread 0x0000000016d6c800 nmethod 11886 0x0000000004f72f50 code [0x0000000004f730e0, 0x0000000004f73358]
Event: 66.465 Thread 0x0000000016d6c800 11884       2       com.android.tools.r8.dex.DexParser$$Lambda$722/330846022::<init> (10 bytes)
Event: 66.465 Thread 0x0000000016d6c800 nmethod 11884 0x0000000004f32bd0 code [0x0000000004f32d20, 0x0000000004f32e90]
Event: 66.465 Thread 0x0000000016d6c800 11888       2       com.android.tools.r8.dex.DexParser$$Lambda$722/330846022::get (8 bytes)
Event: 66.466 Thread 0x0000000016d6c800 nmethod 11888 0x000000000457bcd0 code [0x000000000457be40, 0x000000000457bfa8]
Event: 66.472 Thread 0x0000000016d6c800 11892       2       com.android.tools.r8.graph.DexType::d (8 bytes)
Event: 66.472 Thread 0x0000000016d6c800 nmethod 11892 0x000000000512c590 code [0x000000000512c700, 0x000000000512c8c8]

GC Heap History (10 events):
Event: 9.190 GC heap before
{Heap before GC invocations=14 (full 3):
 PSYoungGen      total 167936K, used 14318K [0x00000000e0000000, 0x00000000ee280000, 0x0000000100000000)
  eden space 153600K, 0% used [0x00000000e0000000,0x00000000e0000000,0x00000000e9600000)
  from space 14336K, 99% used [0x00000000e9600000,0x00000000ea3fb800,0x00000000ea400000)
  to   space 18944K, 0% used [0x00000000ed000000,0x00000000ed000000,0x00000000ee280000)
 ParOldGen       total 83456K, used 29343K [0x00000000a0000000, 0x00000000a5180000, 0x00000000e0000000)
  object space 83456K, 35% used [0x00000000a0000000,0x00000000a1ca7e98,0x00000000a5180000)
 Metaspace       used 57345K, capacity 58928K, committed 59028K, reserved 1099776K
  class space    used 7976K, capacity 8375K, committed 8448K, reserved 1048576K
Event: 9.450 GC heap after
Heap after GC invocations=14 (full 3):
 PSYoungGen      total 167936K, used 0K [0x00000000e0000000, 0x00000000ee280000, 0x0000000100000000)
  eden space 153600K, 0% used [0x00000000e0000000,0x00000000e0000000,0x00000000e9600000)
  from space 14336K, 0% used [0x00000000e9600000,0x00000000e9600000,0x00000000ea400000)
  to   space 18944K, 0% used [0x00000000ed000000,0x00000000ed000000,0x00000000ee280000)
 ParOldGen       total 130560K, used 37439K [0x00000000a0000000, 0x00000000a7f80000, 0x00000000e0000000)
  object space 130560K, 28% used [0x00000000a0000000,0x00000000a248fc80,0x00000000a7f80000)
 Metaspace       used 57345K, capacity 58928K, committed 59028K, reserved 1099776K
  class space    used 7976K, capacity 8375K, committed 8448K, reserved 1048576K
}
Event: 12.454 GC heap before
{Heap before GC invocations=15 (full 3):
 PSYoungGen      total 167936K, used 153600K [0x00000000e0000000, 0x00000000ee280000, 0x0000000100000000)
  eden space 153600K, 100% used [0x00000000e0000000,0x00000000e9600000,0x00000000e9600000)
  from space 14336K, 0% used [0x00000000e9600000,0x00000000e9600000,0x00000000ea400000)
  to   space 18944K, 0% used [0x00000000ed000000,0x00000000ed000000,0x00000000ee280000)
 ParOldGen       total 130560K, used 37439K [0x00000000a0000000, 0x00000000a7f80000, 0x00000000e0000000)
  object space 130560K, 28% used [0x00000000a0000000,0x00000000a248fc80,0x00000000a7f80000)
 Metaspace       used 61783K, capacity 63690K, committed 63872K, reserved 1103872K
  class space    used 8550K, capacity 8984K, committed 9088K, reserved 1048576K
Event: 12.481 GC heap after
Heap after GC invocations=15 (full 3):
 PSYoungGen      total 196608K, used 13243K [0x00000000e0000000, 0x00000000edd00000, 0x0000000100000000)
  eden space 183296K, 0% used [0x00000000e0000000,0x00000000e0000000,0x00000000eb300000)
  from space 13312K, 99% used [0x00000000ed000000,0x00000000edceeee8,0x00000000edd00000)
  to   space 19456K, 0% used [0x00000000eb700000,0x00000000eb700000,0x00000000eca00000)
 ParOldGen       total 130560K, used 37447K [0x00000000a0000000, 0x00000000a7f80000, 0x00000000e0000000)
  object space 130560K, 28% used [0x00000000a0000000,0x00000000a2491c80,0x00000000a7f80000)
 Metaspace       used 61783K, capacity 63690K, committed 63872K, reserved 1103872K
  class space    used 8550K, capacity 8984K, committed 9088K, reserved 1048576K
}
Event: 16.268 GC heap before
{Heap before GC invocations=16 (full 3):
 PSYoungGen      total 196608K, used 192702K [0x00000000e0000000, 0x00000000edd00000, 0x0000000100000000)
  eden space 183296K, 97% used [0x00000000e0000000,0x00000000eaf40a50,0x00000000eb300000)
  from space 13312K, 99% used [0x00000000ed000000,0x00000000edceeee8,0x00000000edd00000)
  to   space 19456K, 0% used [0x00000000eb700000,0x00000000eb700000,0x00000000eca00000)
 ParOldGen       total 130560K, used 42977K [0x00000000a0000000, 0x00000000a7f80000, 0x00000000e0000000)
  object space 130560K, 32% used [0x00000000a0000000,0x00000000a29f8480,0x00000000a7f80000)
 Metaspace       used 64658K, capacity 66844K, committed 67072K, reserved 1107968K
  class space    used 8918K, capacity 9405K, committed 9472K, reserved 1048576K
Event: 16.295 GC heap after
Heap after GC invocations=16 (full 3):
 PSYoungGen      total 206848K, used 19453K [0x00000000e0000000, 0x00000000f1100000, 0x0000000100000000)
  eden space 187392K, 0% used [0x00000000e0000000,0x00000000e0000000,0x00000000eb700000)
  from space 19456K, 99% used [0x00000000eb700000,0x00000000ec9ff5d8,0x00000000eca00000)
  to   space 32256K, 0% used [0x00000000ef180000,0x00000000ef180000,0x00000000f1100000)
 ParOldGen       total 130560K, used 70766K [0x00000000a0000000, 0x00000000a7f80000, 0x00000000e0000000)
  object space 130560K, 54% used [0x00000000a0000000,0x00000000a451b908,0x00000000a7f80000)
 Metaspace       used 64658K, capacity 66844K, committed 67072K, reserved 1107968K
  class space    used 8918K, capacity 9405K, committed 9472K, reserved 1048576K
}
Event: 60.181 GC heap before
{Heap before GC invocations=17 (full 3):
 PSYoungGen      total 206848K, used 206845K [0x00000000e0000000, 0x00000000f1100000, 0x0000000100000000)
  eden space 187392K, 100% used [0x00000000e0000000,0x00000000eb700000,0x00000000eb700000)
  from space 19456K, 99% used [0x00000000eb700000,0x00000000ec9ff5d8,0x00000000eca00000)
  to   space 32256K, 0% used [0x00000000ef180000,0x00000000ef180000,0x00000000f1100000)
 ParOldGen       total 130560K, used 70770K [0x00000000a0000000, 0x00000000a7f80000, 0x00000000e0000000)
  object space 130560K, 54% used [0x00000000a0000000,0x00000000a451cac8,0x00000000a7f80000)
 Metaspace       used 70983K, capacity 73626K, committed 73728K, reserved 1112064K
  class space    used 9640K, capacity 10190K, committed 10240K, reserved 1048576K
Event: 60.225 GC heap after
Heap after GC invocations=17 (full 3):
 PSYoungGen      total 246272K, used 21520K [0x00000000e0000000, 0x00000000f1200000, 0x0000000100000000)
  eden space 214016K, 0% used [0x00000000e0000000,0x00000000e0000000,0x00000000ed100000)
  from space 32256K, 66% used [0x00000000ef180000,0x00000000f0684160,0x00000000f1100000)
  to   space 33280K, 0% used [0x00000000ed100000,0x00000000ed100000,0x00000000ef180000)
 ParOldGen       total 130560K, used 81855K [0x00000000a0000000, 0x00000000a7f80000, 0x00000000e0000000)
  object space 130560K, 62% used [0x00000000a0000000,0x00000000a4fefeb8,0x00000000a7f80000)
 Metaspace       used 70983K, capacity 73626K, committed 73728K, reserved 1112064K
  class space    used 9640K, capacity 10190K, committed 10240K, reserved 1048576K
}
Event: 64.335 GC heap before
{Heap before GC invocations=18 (full 3):
 PSYoungGen      total 246272K, used 235536K [0x00000000e0000000, 0x00000000f1200000, 0x0000000100000000)
  eden space 214016K, 100% used [0x00000000e0000000,0x00000000ed100000,0x00000000ed100000)
  from space 32256K, 66% used [0x00000000ef180000,0x00000000f0684160,0x00000000f1100000)
  to   space 33280K, 0% used [0x00000000ed100000,0x00000000ed100000,0x00000000ef180000)
 ParOldGen       total 130560K, used 81855K [0x00000000a0000000, 0x00000000a7f80000, 0x00000000e0000000)
  object space 130560K, 62% used [0x00000000a0000000,0x00000000a4fefeb8,0x00000000a7f80000)
 Metaspace       used 77203K, capacity 79826K, committed 80128K, reserved 1118208K
  class space    used 10369K, capacity 10920K, committed 11008K, reserved 1048576K
Event: 64.419 GC heap after
Heap after GC invocations=18 (full 3):
 PSYoungGen      total 247296K, used 33264K [0x00000000e0000000, 0x00000000f4580000, 0x0000000100000000)
  eden space 214016K, 0% used [0x00000000e0000000,0x00000000e0000000,0x00000000ed100000)
  from space 33280K, 99% used [0x00000000ed100000,0x00000000ef17c188,0x00000000ef180000)
  to   space 42496K, 0% used [0x00000000f1c00000,0x00000000f1c00000,0x00000000f4580000)
 ParOldGen       total 130560K, used 92431K [0x00000000a0000000, 0x00000000a7f80000, 0x00000000e0000000)
  object space 130560K, 70% used [0x00000000a0000000,0x00000000a5a43d88,0x00000000a7f80000)
 Metaspace       used 77203K, capacity 79826K, committed 80128K, reserved 1118208K
  class space    used 10369K, capacity 10920K, committed 11008K, reserved 1048576K
}

Deoptimization events (10 events):
Event: 65.558 Thread 0x000000001e605800 Uncommon trap: reason=bimorphic action=maybe_recompile pc=0x00000000039f36d8 method=java.util.Collections$SetFromMap.contains(Ljava/lang/Object;)Z @ 5
Event: 65.970 Thread 0x000000001e5ff800 Uncommon trap: reason=class_check action=maybe_recompile pc=0x000000000525d570 method=org.gradle.internal.fingerprint.impl.DefaultCurrentFileCollectionFingerprint.visitChangesSince(Lorg/gradle/internal/fingerprint/FileCollectionFingerprint;Ljava/lang/Stri
Event: 65.979 Thread 0x000000001e5ff800 Uncommon trap: reason=unstable_if action=reinterpret pc=0x0000000003f239bc method=java.lang.AbstractStringBuilder.append(I)Ljava/lang/AbstractStringBuilder; @ 16
Event: 65.979 Thread 0x000000001e5ff800 Uncommon trap: reason=unstable_if action=reinterpret pc=0x0000000003f15810 method=java.lang.Integer.getChars(II[C)V @ 7
Event: 66.058 Thread 0x000000001892c800 Uncommon trap: reason=unstable_if action=reinterpret pc=0x0000000004a265c4 method=java.util.concurrent.locks.AbstractQueuedSynchronizer.addWaiter(Ljava/util/concurrent/locks/AbstractQueuedSynchronizer$Node;)Ljava/util/concurrent/locks/AbstractQueuedSynchr
Event: 66.226 Thread 0x000000001e607800 Uncommon trap: reason=unstable_if action=reinterpret pc=0x00000000035d4a88 method=java.nio.Bits.copyToArray(JLjava/lang/Object;JJJ)V @ 19
Event: 66.316 Thread 0x000000001e607800 Uncommon trap: reason=unstable_if action=reinterpret pc=0x000000000457c3a4 method=java.util.Arrays.equals([B[B)Z @ 41
Event: 66.417 Thread 0x000000001e607800 Uncommon trap: reason=unstable_if action=reinterpret pc=0x0000000005233380 method=java.util.concurrent.ConcurrentHashMap.putVal(Ljava/lang/Object;Ljava/lang/Object;Z)Ljava/lang/Object; @ 331
Event: 66.427 Thread 0x000000001e607800 Uncommon trap: reason=unstable_if action=reinterpret pc=0x000000000388aa00 method=java.util.concurrent.ConcurrentHashMap.transfer([Ljava/util/concurrent/ConcurrentHashMap$Node;[Ljava/util/concurrent/ConcurrentHashMap$Node;)V @ 356
Event: 66.449 Thread 0x000000001e607800 Uncommon trap: reason=unstable_if action=reinterpret pc=0x000000000388534c method=java.util.concurrent.ConcurrentHashMap.transfer([Ljava/util/concurrent/ConcurrentHashMap$Node;[Ljava/util/concurrent/ConcurrentHashMap$Node;)V @ 356

Classes redefined (0 events):
No events

Internal exceptions (10 events):
Event: 64.851 Thread 0x000000001e5fe800 Exception <a 'java/lang/NoSuchMethodError': <clinit>> (0x00000000e3b31a90) thrown at [C:\re\workspace\8-2-build-windows-amd64-cygwin\jdk8u201\12322\hotspot\src\share\vm\prims\jni.cpp, line 1613]
Event: 64.853 Thread 0x000000001e5fe800 Exception <a 'java/lang/NoSuchMethodError': <clinit>> (0x00000000e3b485f8) thrown at [C:\re\workspace\8-2-build-windows-amd64-cygwin\jdk8u201\12322\hotspot\src\share\vm\prims\jni.cpp, line 1613]
Event: 64.853 Thread 0x000000001e5fe800 Exception <a 'java/lang/NoSuchMethodError': <clinit>> (0x00000000e3b4c6c0) thrown at [C:\re\workspace\8-2-build-windows-amd64-cygwin\jdk8u201\12322\hotspot\src\share\vm\prims\jni.cpp, line 1613]
Event: 64.895 Thread 0x000000001e604800 Exception <a 'java/lang/NoSuchMethodError': java.lang.Object.lambda$and$0(Ljava/util/function/Predicate;Ljava/lang/Object;)Z> (0x00000000e40a4a20) thrown at [C:\re\workspace\8-2-build-windows-amd64-cygwin\jdk8u201\12322\hotspot\src\share\vm\interpreter\li
Event: 64.895 Thread 0x000000001e605800 Exception <a 'java/lang/NoSuchMethodError': java.lang.Object.lambda$and$0(Ljava/util/function/Predicate;Ljava/lang/Object;)Z> (0x00000000e4029540) thrown at [C:\re\workspace\8-2-build-windows-amd64-cygwin\jdk8u201\12322\hotspot\src\share\vm\interpreter\li
Event: 64.988 Thread 0x000000001e605800 Exception <a 'sun/nio/fs/WindowsException'> (0x00000000e45bbf78) thrown at [C:\re\workspace\8-2-build-windows-amd64-cygwin\jdk8u201\12322\hotspot\src\share\vm\prims\jni.cpp, line 709]
Event: 65.461 Thread 0x000000001e605800 Exception <a 'java/lang/NoSuchMethodError': java.lang.Object.lambda$maxBy$1(Ljava/util/Comparator;Ljava/lang/Object;Ljava/lang/Object;)Ljava/lang/Object;> (0x00000000e535fd60) thrown at [C:\re\workspace\8-2-build-windows-amd64-cygwin\jdk8u201\12322\hotspo
Event: 65.791 Thread 0x000000001e605800 Exception <a 'sun/nio/fs/WindowsException'> (0x00000000e5c7cd70) thrown at [C:\re\workspace\8-2-build-windows-amd64-cygwin\jdk8u201\12322\hotspot\src\share\vm\prims\jni.cpp, line 709]
Event: 65.981 Thread 0x000000001e5ff800 Exception <a 'java/lang/NoSuchMethodError': <clinit>> (0x00000000e5eeddf0) thrown at [C:\re\workspace\8-2-build-windows-amd64-cygwin\jdk8u201\12322\hotspot\src\share\vm\prims\jni.cpp, line 1613]
Event: 66.229 Thread 0x000000001e607800 Exception <a 'sun/nio/fs/WindowsException'> (0x00000000e692e9e0) thrown at [C:\re\workspace\8-2-build-windows-amd64-cygwin\jdk8u201\12322\hotspot\src\share\vm\prims\jni.cpp, line 709]

Events (10 events):
Event: 66.427 Executing VM operation: RevokeBias done
Event: 66.427 Thread 0x000000001e607800 DEOPT PACKING pc=0x000000000388aa00 sp=0x0000000025edde80
Event: 66.427 Thread 0x000000001e607800 DEOPT UNPACKING pc=0x000000000342583b sp=0x0000000025edde00 mode 2
Event: 66.448 Thread 0x000000001e607800 DEOPT PACKING pc=0x000000000519b229 sp=0x0000000025eddd50
Event: 66.448 Thread 0x000000001e607800 DEOPT UNPACKING pc=0x0000000003427890 sp=0x0000000025eddb88 mode 0
Event: 66.449 Thread 0x000000001e607800 Uncommon trap: trap_request=0xffffff65 fr.pc=0x000000000388534c
Event: 66.449 Executing VM operation: RevokeBias
Event: 66.449 Executing VM operation: RevokeBias done
Event: 66.449 Thread 0x000000001e607800 DEOPT PACKING pc=0x000000000388534c sp=0x0000000025edde90
Event: 66.449 Thread 0x000000001e607800 DEOPT UNPACKING pc=0x000000000342583b sp=0x0000000025edde00 mode 2


Dynamic libraries:
0x00007ff750b10000 - 0x00007ff750b47000 	C:\Program Files\Java\jdk1.8.0_201\bin\java.exe
0x00007ffacee00000 - 0x00007ffaceff0000 	C:\WINDOWS\SYSTEM32\ntdll.dll
0x00007fface0b0000 - 0x00007fface162000 	C:\WINDOWS\System32\KERNEL32.DLL
0x00007ffacc510000 - 0x00007ffacc7b3000 	C:\WINDOWS\System32\KERNELBASE.dll
0x00007fface8f0000 - 0x00007fface993000 	C:\WINDOWS\System32\ADVAPI32.dll
0x00007ffacd350000 - 0x00007ffacd3ee000 	C:\WINDOWS\System32\msvcrt.dll
0x00007ffaceae0000 - 0x00007ffaceb77000 	C:\WINDOWS\System32\sechost.dll
0x00007fface7d0000 - 0x00007fface8f0000 	C:\WINDOWS\System32\RPCRT4.dll
0x00007fface470000 - 0x00007fface604000 	C:\WINDOWS\System32\USER32.dll
0x00007ffacc9e0000 - 0x00007ffacca01000 	C:\WINDOWS\System32\win32u.dll
0x00007ffacd980000 - 0x00007ffacd9a6000 	C:\WINDOWS\System32\GDI32.dll
0x00007ffacca10000 - 0x00007ffaccba4000 	C:\WINDOWS\System32\gdi32full.dll
0x00007ffacc940000 - 0x00007ffacc9de000 	C:\WINDOWS\System32\msvcp_win.dll
0x00007ffaccdb0000 - 0x00007ffacceaa000 	C:\WINDOWS\System32\ucrtbase.dll
0x00007ffabedc0000 - 0x00007ffabf045000 	C:\WINDOWS\WinSxS\amd64_microsoft.windows.common-controls_6595b64144ccf1df_6.0.18362.535_none_e6c3b34713100821\COMCTL32.dll
0x00007ffacd010000 - 0x00007ffacd346000 	C:\WINDOWS\System32\combase.dll
0x00007ffacc850000 - 0x00007ffacc8d0000 	C:\WINDOWS\System32\bcryptPrimitives.dll
0x00007ffacd950000 - 0x00007ffacd97e000 	C:\WINDOWS\System32\IMM32.DLL
0x0000000056510000 - 0x00000000565e1000 	C:\Program Files\Java\jdk1.8.0_201\jre\bin\msvcr100.dll
0x0000000055c60000 - 0x0000000056504000 	C:\Program Files\Java\jdk1.8.0_201\jre\bin\server\jvm.dll
0x00007ffacec30000 - 0x00007ffacec38000 	C:\WINDOWS\System32\PSAPI.DLL
0x00007ffac97d0000 - 0x00007ffac97f4000 	C:\WINDOWS\SYSTEM32\WINMM.dll
0x00007ffac1870000 - 0x00007ffac187a000 	C:\WINDOWS\SYSTEM32\VERSION.dll
0x00007ffab6250000 - 0x00007ffab6259000 	C:\WINDOWS\SYSTEM32\WSOCK32.dll
0x00007fface3a0000 - 0x00007fface40f000 	C:\WINDOWS\System32\WS2_32.dll
0x00007ffac97a0000 - 0x00007ffac97cd000 	C:\WINDOWS\SYSTEM32\WINMMBASE.dll
0x00007ffacc8d0000 - 0x00007ffacc91a000 	C:\WINDOWS\System32\cfgmgr32.dll
0x00007ffac9cf0000 - 0x00007ffac9cff000 	C:\Program Files\Java\jdk1.8.0_201\jre\bin\verify.dll
0x00007ffabe530000 - 0x00007ffabe559000 	C:\Program Files\Java\jdk1.8.0_201\jre\bin\java.dll
0x00007ffac8690000 - 0x00007ffac86a6000 	C:\Program Files\Java\jdk1.8.0_201\jre\bin\zip.dll
0x00007ffacd9c0000 - 0x00007fface0a5000 	C:\WINDOWS\System32\SHELL32.dll
0x00007ffaceb80000 - 0x00007ffacec29000 	C:\WINDOWS\System32\shcore.dll
0x00007ffacbd90000 - 0x00007ffacc50f000 	C:\WINDOWS\System32\windows.storage.dll
0x00007ffacbd70000 - 0x00007ffacbd8f000 	C:\WINDOWS\System32\profapi.dll
0x00007ffacbce0000 - 0x00007ffacbd2a000 	C:\WINDOWS\System32\powrprof.dll
0x00007ffacbcd0000 - 0x00007ffacbce0000 	C:\WINDOWS\System32\UMPDC.dll
0x00007fface410000 - 0x00007fface462000 	C:\WINDOWS\System32\shlwapi.dll
0x00007ffacbd50000 - 0x00007ffacbd61000 	C:\WINDOWS\System32\kernel.appcore.dll
0x00007ffacc920000 - 0x00007ffacc937000 	C:\WINDOWS\System32\cryptsp.dll
0x00007ffac5960000 - 0x00007ffac597a000 	C:\Program Files\Java\jdk1.8.0_201\jre\bin\net.dll
0x00007ffac0550000 - 0x00007ffac0726000 	C:\WINDOWS\SYSTEM32\urlmon.dll
0x00007ffac0280000 - 0x00007ffac0526000 	C:\WINDOWS\SYSTEM32\iertutil.dll
0x00007ffacb710000 - 0x00007ffacb71c000 	C:\WINDOWS\SYSTEM32\CRYPTBASE.DLL
0x00007ffacb540000 - 0x00007ffacb5a7000 	C:\WINDOWS\system32\mswsock.dll
0x00007ffabf280000 - 0x00007ffabf291000 	C:\Program Files\Java\jdk1.8.0_201\jre\bin\nio.dll
0x00007ffabf2a0000 - 0x00007ffabf2c6000 	C:\Users\vgris\.gradle\native\29\windows-amd64\native-platform.dll
0x00007ffac6c70000 - 0x00007ffac6c7d000 	C:\Program Files\Java\jdk1.8.0_201\jre\bin\management.dll
0x00007ffacb0b0000 - 0x00007ffacb0e3000 	C:\WINDOWS\system32\rsaenh.dll
0x00007ffacc7c0000 - 0x00007ffacc7e6000 	C:\WINDOWS\System32\bcrypt.dll
0x00007ffacbbc0000 - 0x00007ffacbbe5000 	C:\WINDOWS\SYSTEM32\USERENV.dll
0x00007ffacb250000 - 0x00007ffacb28a000 	C:\WINDOWS\SYSTEM32\IPHLPAPI.DLL
0x00007ffacceb0000 - 0x00007ffacceb8000 	C:\WINDOWS\System32\NSI.dll
0x00007ffac27c0000 - 0x00007ffac27d6000 	C:\WINDOWS\SYSTEM32\dhcpcsvc6.DLL
0x00007ffac27e0000 - 0x00007ffac27fc000 	C:\WINDOWS\SYSTEM32\dhcpcsvc.DLL
0x00007ffacb290000 - 0x00007ffacb35a000 	C:\WINDOWS\SYSTEM32\DNSAPI.dll

VM Arguments:
jvm_args: -Xmx1536m -Dfile.encoding=windows-1251 -Duser.country=RU -Duser.language=ru -Duser.variant 
java_command: org.gradle.launcher.daemon.bootstrap.GradleDaemon 5.4.1
java_class_path (initial): C:\Users\vgris\.gradle\wrapper\dists\gradle-5.4.1-all\3221gyojl5jsh0helicew7rwx\gradle-5.4.1\lib\gradle-launcher-5.4.1.jar
Launcher Type: SUN_STANDARD

Environment Variables:
CLASSPATH=.;E:\Programs\IBM\java\db2java.zip;E:\Programs\IBM\java\db2jcc.jar;E:\Programs\IBM\java\sqlj.zip;E:\Programs\IBM\java\db2jcc_license_cu.jar;E:\Programs\IBM\bin;E:\Programs\IBM\java\common.jar
PATH=C:\Program Files (x86)\Embarcadero\Studio\20.0\bin;C:\Users\Public\Documents\Embarcadero\Studio\20.0\Bpl;C:\Program Files (x86)\Embarcadero\Studio\20.0\bin64;C:\Users\Public\Documents\Embarcadero\Studio\20.0\Bpl\Win64;C:\Program Files (x86)\Common Files\Oracle\Java\javapath;C:\WINDOWS\system32;C:\WINDOWS;C:\WINDOWS\System32\Wbem;C:\WINDOWS\System32\WindowsPowerShell\v1.0\;C:\WINDOWS\System32\OpenSSH\;C:\Program Files (x86)\ATI Technologies\ATI.ACE\Core-Static;C:\Program Files\dotnet\;C:\Program Files\Git\cmd;C:\Program Files\Java\jdk1.8.0_201\bin;C:\Program Files (x86)\AMD\ATI.ACE\Core-Static;D:\Games\Putty\;C:\Program Files\Intel\WiFi\bin\;C:\Program Files\Common Files\Intel\WirelessCommon\;C:\Program Files (x86)\Microsoft SQL Server\150\DTS\Binn\;C:\Program Files (x86)\GtkSharp\2.12\bin;C:\Program Files\ibm\gsk8\lib64;C:\Program Files (x86)\ibm\gsk8\lib;E:\Programs\IBM\BIN;E:\Programs\IBM\FUNCTION;E:\Programs\IBM\SAMPLES\REPL;C:\Users\vgris\AppData\Local\Programs\Python\Python37-32\Scripts\;C:\Users\vgris\AppData\Local\Programs\Python\Python37-32\;C:\Users\vgris\AppData\Local\Microsoft\WindowsApps;C:\Users\vgris\AppData\Local\atom\bin;C:\Users\vgris\AppData\Local\GitHubDesktop\bin;C:\Users\vgris\.dotnet\tools;D:\Games\IntelliJ IDEA\IntelliJ IDEA Community Edition 2018.3.4\bin;;C:\Program Files\Intel\WiFi\bin\;C:\Program Files\Common Files\Intel\WirelessCommon\;C:\Users\vgris\AppData\Local\Microsoft\WindowsApps;
USERNAME=vgris
OS=Windows_NT
PROCESSOR_IDENTIFIER=Intel64 Family 6 Model 60 Stepping 3, GenuineIntel



---------------  S Y S T E M  ---------------

OS: Windows 10.0 , 64 bit Build 18362 (10.0.18362.329)

CPU:total 4 (initial active 4) (2 cores per cpu, 2 threads per core) family 6 model 60 stepping 3, cmov, cx8, fxsr, mmx, sse, sse2, sse3, ssse3, sse4.1, sse4.2, popcnt, avx, avx2, aes, clmul, erms, lzcnt, ht, tsc, tscinvbit, bmi1, bmi2

Memory: 4k page, physical 8291792k(1637208k free), swap 8291792k(12136k free)

vm_info: Java HotSpot(TM) 64-Bit Server VM (25.201-b09) for windows-amd64 JRE (1.8.0_201-b09), built on Dec 15 2018 18:36:39 by "java_re" with MS VC++ 10.0 (VS2010)

time: Sun Jan 12 21:42:35 2020
timezone: Финляндия (зима)
elapsed time: 66 seconds (0d 0h 1m 6s)

